[0.013s] Invoking command in '/home/ethan/Documents/Github/comp0250/comp0250_s25_labs/build/panda_moveit_config': /usr/bin/cmake /home/ethan/Documents/Github/comp0250/comp0250_s25_labs/src/panda_moveit_config -DCATKIN_INSTALL_INTO_PREFIX_ROOT=0 -DCMAKE_INSTALL_PREFIX=/home/ethan/Documents/Github/comp0250/comp0250_s25_labs/install/panda_moveit_config
[0.041s] -- Configuring incomplete, errors occurred!
[0.041s] See also "/home/ethan/Documents/Github/comp0250/comp0250_s25_labs/build/panda_moveit_config/CMakeFiles/CMakeOutput.log".
[0.041s] [0mCMake Deprecation Warning at CMakeLists.txt:1 (cmake_minimum_required):
[0.042s]   Compatibility with CMake < 2.8.12 will be removed from a future version of
[0.042s]   CMake.
[0.042s] 
[0.042s]   Update the VERSION argument <min> value or use a ...<max> suffix to tell
[0.042s]   CMake that the project does not need compatibility with older versions.
[0.042s] 
[0.042s] [0m
[0.042s] [31mCMake Error at CMakeLists.txt:4 (find_package):
[0.042s]   By not providing "Findcatkin.cmake" in CMAKE_MODULE_PATH this project has
[0.043s]   asked CMake to find a package configuration file provided by "catkin", but
[0.043s]   CMake did not find one.
[0.043s] 
[0.043s]   Could not find a package configuration file provided by "catkin" with any
[0.043s]   of the following names:
[0.043s] 
[0.043s]     catkinConfig.cmake
[0.043s]     catkin-config.cmake
[0.043s] 
[0.043s]   Add the installation prefix of "catkin" to CMAKE_PREFIX_PATH or set
[0.043s]   "catkin_DIR" to a directory containing one of the above files.  If "catkin"
[0.043s]   provides a separate development package or SDK, be sure it has been
[0.043s]   installed.
[0.043s] 
[0.043s] [0m
[0.053s] Invoked command in '/home/ethan/Documents/Github/comp0250/comp0250_s25_labs/build/panda_moveit_config' returned '1': /usr/bin/cmake /home/ethan/Documents/Github/comp0250/comp0250_s25_labs/src/panda_moveit_config -DCATKIN_INSTALL_INTO_PREFIX_ROOT=0 -DCMAKE_INSTALL_PREFIX=/home/ethan/Documents/Github/comp0250/comp0250_s25_labs/install/panda_moveit_config
