[0.012s] Invoking command in '/home/ethan/Documents/Github/comp0250/comp0250_s25_labs/build/obj_rec_tutorial': /usr/bin/cmake /home/ethan/Documents/Github/comp0250/comp0250_s25_labs/src/labs/obj_rec_tutorial -DCATKIN_INSTALL_INTO_PREFIX_ROOT=0 -DCMAKE_INSTALL_PREFIX=/home/ethan/Documents/Github/comp0250/comp0250_s25_labs/install/obj_rec_tutorial
[0.038s] [31mCMake Error at CMakeLists.txt:11 (find_package):
[0.039s]   By not providing "Findcatkin.cmake" in CMAKE_MODULE_PATH this project has
[0.039s]   asked CMake to find a package configuration file provided by "catkin", but
[0.039s]   CMake did not find one.
[0.039s] 
[0.039s]   Could not find a package configuration file provided by "catkin" with any
[0.039s]   of the following names:
[0.039s] 
[0.039s]     catkinConfig.cmake
[0.039s]     catkin-config.cmake
[0.039s] 
[0.039s]   Add the installation prefix of "catkin" to CMAKE_PREFIX_PATH or set
[0.040s]   "catkin_DIR" to a directory containing one of the above files.  If "catkin"
[0.040s]   provides a separate development package or SDK, be sure it has been
[0.040s]   installed.
[0.040s] 
[0.040s] [0m
[0.041s] -- Configuring incomplete, errors occurred!
[0.041s] See also "/home/ethan/Documents/Github/comp0250/comp0250_s25_labs/build/obj_rec_tutorial/CMakeFiles/CMakeOutput.log".
[0.052s] Invoked command in '/home/ethan/Documents/Github/comp0250/comp0250_s25_labs/build/obj_rec_tutorial' returned '1': /usr/bin/cmake /home/ethan/Documents/Github/comp0250/comp0250_s25_labs/src/labs/obj_rec_tutorial -DCATKIN_INSTALL_INTO_PREFIX_ROOT=0 -DCMAKE_INSTALL_PREFIX=/home/ethan/Documents/Github/comp0250/comp0250_s25_labs/install/obj_rec_tutorial
[0.071s] Traceback (most recent call last):
  File "/usr/lib/python3/dist-packages/colcon_core/executor/__init__.py", line 91, in __call__
    rc = await self.task(*args, **kwargs)
  File "/usr/lib/python3/dist-packages/colcon_core/task/__init__.py", line 93, in __call__
    return await task_method(*args, **kwargs)
  File "/usr/lib/python3/dist-packages/colcon_ros/task/catkin/build.py", line 125, in build
    create_environment_scripts(
  File "/usr/lib/python3/dist-packages/colcon_core/environment/__init__.py", line 91, in create_environment_scripts
    create_file_with_runtime_dependencies(prefix_path, pkg))
  File "/usr/lib/python3/dist-packages/colcon_core/environment/__init__.py", line 174, in create_file_with_runtime_dependencies
    path.write_text(
  File "/usr/lib/python3.10/pathlib.py", line 1154, in write_text
    with self.open(mode='w', encoding=encoding, errors=errors, newline=newline) as f:
  File "/usr/lib/python3.10/pathlib.py", line 1119, in open
    return self._accessor.open(self, mode, buffering, encoding, errors,
PermissionError: [Errno 13] Permission denied: '/home/ethan/Documents/Github/comp0250/comp0250_s25_labs/install/obj_rec_tutorial/share/colcon-core/packages/obj_rec_tutorial'
