[0.014s] Invoking command in '/home/ethan/Documents/Github/comp0250/comp0250_s25_labs/build/pcl_tutorial': /usr/bin/cmake /home/ethan/Documents/Github/comp0250/comp0250_s25_labs/src/labs/pcl_tutorial -DCATKIN_INSTALL_INTO_PREFIX_ROOT=0 -DCMAKE_INSTALL_PREFIX=/home/ethan/Documents/Github/comp0250/comp0250_s25_labs/install/pcl_tutorial
[0.040s] -- Configuring incomplete, errors occurred!
[0.040s] See also "/home/ethan/Documents/Github/comp0250/comp0250_s25_labs/build/pcl_tutorial/CMakeFiles/CMakeOutput.log".
[0.040s] [31mCMake Error at CMakeLists.txt:11 (find_package):
[0.040s]   By not providing "Findcatkin.cmake" in CMAKE_MODULE_PATH this project has
[0.040s]   asked CMake to find a package configuration file provided by "catkin", but
[0.040s]   CMake did not find one.
[0.040s] 
[0.040s]   Could not find a package configuration file provided by "catkin" with any
[0.040s]   of the following names:
[0.040s] 
[0.040s]     catkinConfig.cmake
[0.040s]     catkin-config.cmake
[0.040s] 
[0.040s]   Add the installation prefix of "catkin" to CMAKE_PREFIX_PATH or set
[0.040s]   "catkin_DIR" to a directory containing one of the above files.  If "catkin"
[0.040s]   provides a separate development package or SDK, be sure it has been
[0.040s]   installed.
[0.040s] 
[0.040s] [0m
[0.057s] Invoked command in '/home/ethan/Documents/Github/comp0250/comp0250_s25_labs/build/pcl_tutorial' returned '1': /usr/bin/cmake /home/ethan/Documents/Github/comp0250/comp0250_s25_labs/src/labs/pcl_tutorial -DCATKIN_INSTALL_INTO_PREFIX_ROOT=0 -DCMAKE_INSTALL_PREFIX=/home/ethan/Documents/Github/comp0250/comp0250_s25_labs/install/pcl_tutorial
