[0.015s] Invoking command in '/home/ethan/Documents/Github/comp0250/comp0250_s25_labs/build/moveit_tutorial': /usr/bin/cmake /home/ethan/Documents/Github/comp0250/comp0250_s25_labs/src/labs/moveit_tutorial -DCATKIN_INSTALL_INTO_PREFIX_ROOT=0 -DCMAKE_INSTALL_PREFIX=/home/ethan/Documents/Github/comp0250/comp0250_s25_labs/install/moveit_tutorial
[0.060s] -- The C compiler identification is GNU 11.4.0
[0.098s] -- The CXX compiler identification is GNU 11.4.0
[0.104s] -- Detecting C compiler ABI info
[0.149s] -- Detecting C compiler ABI info - done
[0.154s] -- Check for working C compiler: /usr/bin/cc - skipped
[0.154s] -- Detecting C compile features
[0.154s] -- Detecting C compile features - done
[0.157s] -- Detecting CXX compiler ABI info
[0.206s] -- Detecting CXX compiler ABI info - done
[0.214s] -- Check for working CXX compiler: /usr/bin/c++ - skipped
[0.214s] -- Detecting CXX compile features
[0.215s] -- Detecting CXX compile features - done
[0.222s] [31mCMake Error at CMakeLists.txt:10 (find_package):
[0.222s]   By not providing "Findcatkin.cmake" in CMAKE_MODULE_PATH this project has
[0.222s]   asked CMake to find a package configuration file provided by "catkin", but
[0.222s]   CMake did not find one.
[0.222s] 
[0.222s]   Could not find a package configuration file provided by "catkin" with any
[0.222s]   of the following names:
[0.222s] 
[0.222s]     catkinConfig.cmake
[0.222s]     catkin-config.cmake
[0.222s] 
[0.222s]   Add the installation prefix of "catkin" to CMAKE_PREFIX_PATH or set
[0.222s]   "catkin_DIR" to a directory containing one of the above files.  If "catkin"
[0.222s]   provides a separate development package or SDK, be sure it has been
[0.222s]   installed.
[0.222s] 
[0.223s] [0m
[0.223s] -- Configuring incomplete, errors occurred!
[0.223s] See also "/home/ethan/Documents/Github/comp0250/comp0250_s25_labs/build/moveit_tutorial/CMakeFiles/CMakeOutput.log".
[0.227s] Invoked command in '/home/ethan/Documents/Github/comp0250/comp0250_s25_labs/build/moveit_tutorial' returned '1': /usr/bin/cmake /home/ethan/Documents/Github/comp0250/comp0250_s25_labs/src/labs/moveit_tutorial -DCATKIN_INSTALL_INTO_PREFIX_ROOT=0 -DCMAKE_INSTALL_PREFIX=/home/ethan/Documents/Github/comp0250/comp0250_s25_labs/install/moveit_tutorial
