[0.019s] Invoking command in '/home/ethan/Documents/Github/comp0250/comp0250_s25_labs/build/pcl_demo': /usr/bin/cmake /home/ethan/Documents/Github/comp0250/comp0250_s25_labs/src/labs/pcl_demo -DCATKIN_INSTALL_INTO_PREFIX_ROOT=0 -DCMAKE_INSTALL_PREFIX=/home/ethan/Documents/Github/comp0250/comp0250_s25_labs/install/pcl_demo
[0.073s] -- The C compiler identification is GNU 11.4.0
[0.119s] -- The CXX compiler identification is GNU 11.4.0
[0.124s] -- Detecting C compiler ABI info
[0.170s] -- Detecting C compiler ABI info - done
[0.177s] -- Check for working C compiler: /usr/bin/cc - skipped
[0.177s] -- Detecting C compile features
[0.178s] -- Detecting C compile features - done
[0.181s] -- Detecting CXX compiler ABI info
[0.239s] -- Detecting CXX compiler ABI info - done
[0.242s] -- Check for working CXX compiler: /usr/bin/c++ - skipped
[0.242s] -- Detecting CXX compile features
[0.243s] -- Detecting CXX compile features - done
[0.246s] [31mCMake Error at CMakeLists.txt:10 (find_package):
[0.246s]   By not providing "Findcatkin.cmake" in CMAKE_MODULE_PATH this project has
[0.246s]   asked CMake to find a package configuration file provided by "catkin", but
[0.246s]   CMake did not find one.
[0.246s] 
[0.246s]   Could not find a package configuration file provided by "catkin" with any
[0.246s]   of the following names:
[0.246s] 
[0.246s]     catkinConfig.cmake
[0.246s]     catkin-config.cmake
[0.246s] 
[0.246s]   Add the installation prefix of "catkin" to CMAKE_PREFIX_PATH or set
[0.246s]   "catkin_DIR" to a directory containing one of the above files.  If "catkin"
[0.246s]   provides a separate development package or SDK, be sure it has been
[0.246s]   installed.
[0.246s] 
[0.246s] [0m
[0.246s] -- Configuring incomplete, errors occurred!
[0.246s] See also "/home/ethan/Documents/Github/comp0250/comp0250_s25_labs/build/pcl_demo/CMakeFiles/CMakeOutput.log".
