[0.062s] Invoking command in '/home/ethan/Documents/Github/comp0250/comp0250_s25_labs/build/style_solution': /usr/bin/cmake /home/ethan/Documents/Github/comp0250/comp0250_s25_labs/src/labs/style_solution -DCATKIN_INSTALL_INTO_PREFIX_ROOT=0 -DCMAKE_INSTALL_PREFIX=/home/ethan/Documents/Github/comp0250/comp0250_s25_labs/install/style_solution
[0.082s] [31mCMake Error at CMakeLists.txt:11 (find_package):
[0.082s]   By not providing "Findcatkin.cmake" in CMAKE_MODULE_PATH this project has
[0.082s]   asked CMake to find a package configuration file provided by "catkin", but
[0.082s]   CMake did not find one.
[0.082s] 
[0.082s]   Could not find a package configuration file provided by "catkin" with any
[0.082s]   of the following names:
[0.082s] 
[0.082s]     catkinConfig.cmake
[0.082s]     catkin-config.cmake
[0.082s] 
[0.082s]   Add the installation prefix of "catkin" to CMAKE_PREFIX_PATH or set
[0.082s]   "catkin_DIR" to a directory containing one of the above files.  If "catkin"
[0.082s]   provides a separate development package or SDK, be sure it has been
[0.082s]   installed.
[0.082s] 
[0.082s] [0m
[0.082s] -- Configuring incomplete, errors occurred!
[0.083s] See also "/home/ethan/Documents/Github/comp0250/comp0250_s25_labs/build/style_solution/CMakeFiles/CMakeOutput.log".
[0.092s] Invoked command in '/home/ethan/Documents/Github/comp0250/comp0250_s25_labs/build/style_solution' returned '1': /usr/bin/cmake /home/ethan/Documents/Github/comp0250/comp0250_s25_labs/src/labs/style_solution -DCATKIN_INSTALL_INTO_PREFIX_ROOT=0 -DCMAKE_INSTALL_PREFIX=/home/ethan/Documents/Github/comp0250/comp0250_s25_labs/install/style_solution
