[0.011s] Invoking command in '/home/ethan/Documents/Github/comp0250/comp0250_s25_labs/build/pcl_demo': /usr/bin/cmake /home/ethan/Documents/Github/comp0250/comp0250_s25_labs/src/labs/pcl_demo -DCATKIN_INSTALL_INTO_PREFIX_ROOT=0 -DCMAKE_INSTALL_PREFIX=/home/ethan/Documents/Github/comp0250/comp0250_s25_labs/install/pcl_demo
[0.190s] -- The C compiler identification is GNU 11.4.0
[0.242s] -- The CXX compiler identification is GNU 11.4.0
[0.248s] -- Detecting C compiler ABI info
[0.288s] -- Detecting C compiler ABI info - done
[0.294s] -- Check for working C compiler: /usr/bin/cc - skipped
[0.294s] -- Detecting C compile features
[0.295s] -- Detecting C compile features - done
[0.297s] -- Detecting CXX compiler ABI info
[0.347s] -- Detecting CXX compiler ABI info - done
[0.355s] -- Check for working CXX compiler: /usr/bin/c++ - skipped
[0.355s] -- Detecting CXX compile features
[0.356s] -- Detecting CXX compile features - done
[0.359s] -- Configuring incomplete, errors occurred!
[0.359s] See also "/home/ethan/Documents/Github/comp0250/comp0250_s25_labs/build/pcl_demo/CMakeFiles/CMakeOutput.log".
[0.359s] [31mCMake Error at CMakeLists.txt:10 (find_package):
[0.359s]   By not providing "Findcatkin.cmake" in CMAKE_MODULE_PATH this project has
[0.360s]   asked CMake to find a package configuration file provided by "catkin", but
[0.360s]   CMake did not find one.
[0.360s] 
[0.360s]   Could not find a package configuration file provided by "catkin" with any
[0.360s]   of the following names:
[0.360s] 
[0.360s]     catkinConfig.cmake
[0.360s]     catkin-config.cmake
[0.360s] 
[0.360s]   Add the installation prefix of "catkin" to CMAKE_PREFIX_PATH or set
[0.360s]   "catkin_DIR" to a directory containing one of the above files.  If "catkin"
[0.360s]   provides a separate development package or SDK, be sure it has been
[0.360s]   installed.
[0.360s] 
[0.360s] [0m
[0.365s] Invoked command in '/home/ethan/Documents/Github/comp0250/comp0250_s25_labs/build/pcl_demo' returned '1': /usr/bin/cmake /home/ethan/Documents/Github/comp0250/comp0250_s25_labs/src/labs/pcl_demo -DCATKIN_INSTALL_INTO_PREFIX_ROOT=0 -DCMAKE_INSTALL_PREFIX=/home/ethan/Documents/Github/comp0250/comp0250_s25_labs/install/pcl_demo
