[0.011s] Invoking command in '/home/ethan/Documents/Github/comp0250/comp0250_s25_labs/build/rpl_panda_with_rs': /usr/bin/cmake /home/ethan/Documents/Github/comp0250/comp0250_s25_labs/src/rpl_panda_with_rs -DCATKIN_INSTALL_INTO_PREFIX_ROOT=0 -DCMAKE_INSTALL_PREFIX=/home/ethan/Documents/Github/comp0250/comp0250_s25_labs/install/rpl_panda_with_rs
[0.024s] [0mCMake Deprecation Warning at CMakeLists.txt:1 (cmake_minimum_required):
[0.024s]   Compatibility with CMake < 2.8.12 will be removed from a future version of
[0.024s]   CMake.
[0.025s] 
[0.025s]   Update the VERSION argument <min> value or use a ...<max> suffix to tell
[0.025s]   CMake that the project does not need compatibility with older versions.
[0.025s] 
[0.025s] [0m
[0.188s] -- The C compiler identification is GNU 11.4.0
[0.242s] -- The CXX compiler identification is GNU 11.4.0
[0.247s] -- Detecting C compiler ABI info
[0.293s] -- Detecting C compiler ABI info - done
[0.298s] -- Check for working C compiler: /usr/bin/cc - skipped
[0.298s] -- Detecting C compile features
[0.298s] -- Detecting C compile features - done
[0.300s] -- Detecting CXX compiler ABI info
[0.352s] -- Detecting CXX compiler ABI info - done
[0.364s] -- Check for working CXX compiler: /usr/bin/c++ - skipped
[0.365s] -- Detecting CXX compile features
[0.365s] -- Detecting CXX compile features - done
[0.369s] -- Configuring incomplete, errors occurred!
[0.369s] See also "/home/ethan/Documents/Github/comp0250/comp0250_s25_labs/build/rpl_panda_with_rs/CMakeFiles/CMakeOutput.log".
[0.369s] [31mCMake Error at CMakeLists.txt:10 (find_package):
[0.369s]   By not providing "Findcatkin.cmake" in CMAKE_MODULE_PATH this project has
[0.369s]   asked CMake to find a package configuration file provided by "catkin", but
[0.369s]   CMake did not find one.
[0.369s] 
[0.369s]   Could not find a package configuration file provided by "catkin" with any
[0.369s]   of the following names:
[0.370s] 
[0.370s]     catkinConfig.cmake
[0.370s]     catkin-config.cmake
[0.370s] 
[0.370s]   Add the installation prefix of "catkin" to CMAKE_PREFIX_PATH or set
[0.370s]   "catkin_DIR" to a directory containing one of the above files.  If "catkin"
[0.370s]   provides a separate development package or SDK, be sure it has been
[0.370s]   installed.
[0.370s] 
[0.370s] [0m
[0.376s] Invoked command in '/home/ethan/Documents/Github/comp0250/comp0250_s25_labs/build/rpl_panda_with_rs' returned '1': /usr/bin/cmake /home/ethan/Documents/Github/comp0250/comp0250_s25_labs/src/rpl_panda_with_rs -DCATKIN_INSTALL_INTO_PREFIX_ROOT=0 -DCMAKE_INSTALL_PREFIX=/home/ethan/Documents/Github/comp0250/comp0250_s25_labs/install/rpl_panda_with_rs
