[0.020s] Invoking command in '/home/ethan/Documents/Github/comp0250/comp0250_s25_labs/build/moveit_tutorial': /usr/bin/cmake /home/ethan/Documents/Github/comp0250/comp0250_s25_labs/src/labs/moveit_tutorial -DCATKIN_INSTALL_INTO_PREFIX_ROOT=0 -DCMAKE_INSTALL_PREFIX=/home/ethan/Documents/Github/comp0250/comp0250_s25_labs/install/moveit_tutorial
[0.041s] [31mCMake Error at CMakeLists.txt:10 (find_package):
[0.041s]   By not providing "Findcatkin.cmake" in CMAKE_MODULE_PATH this project has
[0.041s]   asked CMake to find a package configuration file provided by "catkin", but
[0.042s]   CMake did not find one.
[0.042s] 
[0.042s]   Could not find a package configuration file provided by "catkin" with any
[0.042s]   of the following names:
[0.042s] 
[0.042s]     catkinConfig.cmake
[0.042s]     catkin-config.cmake
[0.042s] 
[0.042s]   Add the installation prefix of "catkin" to CMAKE_PREFIX_PATH or set
[0.042s]   "catkin_DIR" to a directory containing one of the above files.  If "catkin"
[0.042s]   provides a separate development package or SDK, be sure it has been
[0.043s]   installed.
[0.043s] 
[0.044s] [0m
[0.046s] -- Configuring incomplete, errors occurred!
[0.046s] See also "/home/ethan/Documents/Github/comp0250/comp0250_s25_labs/build/moveit_tutorial/CMakeFiles/CMakeOutput.log".
[0.055s] Invoked command in '/home/ethan/Documents/Github/comp0250/comp0250_s25_labs/build/moveit_tutorial' returned '1': /usr/bin/cmake /home/ethan/Documents/Github/comp0250/comp0250_s25_labs/src/labs/moveit_tutorial -DCATKIN_INSTALL_INTO_PREFIX_ROOT=0 -DCMAKE_INSTALL_PREFIX=/home/ethan/Documents/Github/comp0250/comp0250_s25_labs/install/moveit_tutorial
