[0.005s] Invoking command in '/home/ethan/Documents/Github/comp0250/comp0250_s25_labs/src/labs/moveit_tutorial/build/moveit_tutorial': /usr/bin/cmake /home/ethan/Documents/Github/comp0250/comp0250_s25_labs/src/labs/moveit_tutorial -DCATKIN_INSTALL_INTO_PREFIX_ROOT=0 -DCMAKE_INSTALL_PREFIX=/home/ethan/Documents/Github/comp0250/comp0250_s25_labs/src/labs/moveit_tutorial/install/moveit_tutorial
[0.189s] -- The C compiler identification is GNU 11.4.0
[0.236s] -- The CXX compiler identification is GNU 11.4.0
[0.242s] -- Detecting C compiler ABI info
[0.323s] -- Detecting C compiler ABI info - done
[0.330s] -- Check for working C compiler: /usr/bin/cc - skipped
[0.330s] -- Detecting C compile features
[0.330s] -- Detecting C compile features - done
[0.332s] -- Detecting CXX compiler ABI info
[0.411s] -- Detecting CXX compiler ABI info - done
[0.419s] -- Check for working CXX compiler: /usr/bin/c++ - skipped
[0.420s] -- Detecting CXX compile features
[0.420s] -- Detecting CXX compile features - done
[0.427s] [31mCMake Error at CMakeLists.txt:10 (find_package):
[0.428s]   By not providing "Findcatkin.cmake" in CMAKE_MODULE_PATH this project has
[0.428s]   asked CMake to find a package configuration file provided by "catkin", but
[0.428s]   CMake did not find one.
[0.428s] 
[0.428s]   Could not find a package configuration file provided by "catkin" with any
[0.428s]   of the following names:
[0.428s] 
[0.428s]     catkinConfig.cmake
[0.428s]     catkin-config.cmake
[0.428s] 
[0.428s]   Add the installation prefix of "catkin" to CMAKE_PREFIX_PATH or set
[0.428s]   "catkin_DIR" to a directory containing one of the above files.  If "catkin"
[0.428s]   provides a separate development package or SDK, be sure it has been
[0.428s]   installed.
[0.428s] 
[0.428s] [0m
[0.428s] -- Configuring incomplete, errors occurred!
[0.428s] See also "/home/ethan/Documents/Github/comp0250/comp0250_s25_labs/src/labs/moveit_tutorial/build/moveit_tutorial/CMakeFiles/CMakeOutput.log".
[0.431s] Invoked command in '/home/ethan/Documents/Github/comp0250/comp0250_s25_labs/src/labs/moveit_tutorial/build/moveit_tutorial' returned '1': /usr/bin/cmake /home/ethan/Documents/Github/comp0250/comp0250_s25_labs/src/labs/moveit_tutorial -DCATKIN_INSTALL_INTO_PREFIX_ROOT=0 -DCMAKE_INSTALL_PREFIX=/home/ethan/Documents/Github/comp0250/comp0250_s25_labs/src/labs/moveit_tutorial/install/moveit_tutorial
