[0.017s] Invoking command in '/home/ethan/Documents/Github/comp0250/comp0250_s25_labs/build/panda_moveit_config': /usr/bin/cmake /home/ethan/Documents/Github/comp0250/comp0250_s25_labs/src/panda_moveit_config -DCATKIN_INSTALL_INTO_PREFIX_ROOT=0 -DCMAKE_INSTALL_PREFIX=/home/ethan/Documents/Github/comp0250/comp0250_s25_labs/install/panda_moveit_config
[0.049s] [0mCMake Deprecation Warning at CMakeLists.txt:1 (cmake_minimum_required):
[0.049s]   Compatibility with CMake < 2.8.12 will be removed from a future version of
[0.050s]   CMake.
[0.050s] 
[0.050s]   Update the VERSION argument <min> value or use a ...<max> suffix to tell
[0.051s]   CMake that the project does not need compatibility with older versions.
[0.051s] 
[0.051s] [0m
[0.059s] -- The C compiler identification is GNU 11.4.0
[0.102s] -- The CXX compiler identification is GNU 11.4.0
[0.108s] -- Detecting C compiler ABI info
[0.154s] -- Detecting C compiler ABI info - done
[0.160s] -- Check for working C compiler: /usr/bin/cc - skipped
[0.160s] -- Detecting C compile features
[0.161s] -- Detecting C compile features - done
[0.163s] -- Detecting CXX compiler ABI info
[0.222s] -- Detecting CXX compiler ABI info - done
[0.229s] -- Check for working CXX compiler: /usr/bin/c++ - skipped
[0.229s] -- Detecting CXX compile features
[0.230s] -- Detecting CXX compile features - done
[0.241s] -- Configuring incomplete, errors occurred!
[0.241s] See also "/home/ethan/Documents/Github/comp0250/comp0250_s25_labs/build/panda_moveit_config/CMakeFiles/CMakeOutput.log".
[0.241s] [31mCMake Error at CMakeLists.txt:4 (find_package):
[0.241s]   By not providing "Findcatkin.cmake" in CMAKE_MODULE_PATH this project has
[0.241s]   asked CMake to find a package configuration file provided by "catkin", but
[0.241s]   CMake did not find one.
[0.241s] 
[0.242s]   Could not find a package configuration file provided by "catkin" with any
[0.242s]   of the following names:
[0.242s] 
[0.242s]     catkinConfig.cmake
[0.242s]     catkin-config.cmake
[0.242s] 
[0.242s]   Add the installation prefix of "catkin" to CMAKE_PREFIX_PATH or set
[0.242s]   "catkin_DIR" to a directory containing one of the above files.  If "catkin"
[0.242s]   provides a separate development package or SDK, be sure it has been
[0.242s]   installed.
[0.242s] 
[0.242s] [0m
