[0.011s] Invoking command in '/home/ethan/Documents/Github/comp0250/comp0250_s25_labs/build/pcl_demo': /usr/bin/cmake /home/ethan/Documents/Github/comp0250/comp0250_s25_labs/src/labs/pcl_demo -DCATKIN_INSTALL_INTO_PREFIX_ROOT=0 -DCMAKE_INSTALL_PREFIX=/home/ethan/Documents/Github/comp0250/comp0250_s25_labs/install/pcl_demo
[0.057s] -- The C compiler identification is GNU 11.4.0
[0.103s] -- The CXX compiler identification is GNU 11.4.0
[0.108s] -- Detecting C compiler ABI info
[0.153s] -- Detecting C compiler ABI info - done
[0.159s] -- Check for working C compiler: /usr/bin/cc - skipped
[0.159s] -- Detecting C compile features
[0.159s] -- Detecting C compile features - done
[0.162s] -- Detecting CXX compiler ABI info
[0.217s] -- Detecting CXX compiler ABI info - done
[0.222s] -- Check for working CXX compiler: /usr/bin/c++ - skipped
[0.223s] -- Detecting CXX compile features
[0.223s] -- Detecting CXX compile features - done
[0.225s] -- Using CATKIN_DEVEL_PREFIX: /home/ethan/Documents/Github/comp0250/comp0250_s25_labs/build/pcl_demo/devel
[0.225s] -- Using CMAKE_PREFIX_PATH: 
[0.235s] -- Found PythonInterp: /usr/bin/python3 (found suitable version "3.10.12", minimum required is "3") 
[0.235s] -- Using PYTHON_EXECUTABLE: /usr/bin/python3
[0.235s] -- Using Debian Python package layout
[0.236s] -- Using empy: /usr/bin/empy
[0.324s] -- Using CATKIN_ENABLE_TESTING: ON
[0.324s] -- Call enable_testing()
[0.326s] -- Using CATKIN_TEST_RESULTS_DIR: /home/ethan/Documents/Github/comp0250/comp0250_s25_labs/build/pcl_demo/test_results
[0.337s] -- GTest is not available. Please install libgtest-dev to enable tests involving GTest.
[0.337s] -- GMock is not available. Please install libgmock-dev to enable tests involving GMock.
[0.337s] -- nosetests not found, Python tests can not be run (try installing package 'python3-nose')
[0.338s] -- Looking for pthread.h
[0.383s] -- Looking for pthread.h - found
[0.383s] -- Performing Test CMAKE_HAVE_LIBC_PTHREAD
[0.430s] -- Performing Test CMAKE_HAVE_LIBC_PTHREAD - Success
[0.431s] -- Found Threads: TRUE  
[0.466s] -- catkin 0.8.10
[0.467s] -- BUILD_SHARED_LIBS is on
[0.546s] -- Could NOT find pcl_conversions (missing: pcl_conversions_DIR)
[0.546s] -- Could not find the required component 'pcl_conversions'. The following CMake error indicates that you either need to install the package with the same name or change your environment so that it can be found.
[0.551s] [31mCMake Error at /usr/share/catkin/cmake/catkinConfig.cmake:82 (find_package):
[0.551s]   Could not find a package configuration file provided by "pcl_conversions"
[0.551s]   with any of the following names:
[0.551s] 
[0.551s]     pcl_conversionsConfig.cmake
[0.551s]     pcl_conversions-config.cmake
[0.551s] 
[0.551s]   Add the installation prefix of "pcl_conversions" to CMAKE_PREFIX_PATH or
[0.551s]   set "pcl_conversions_DIR" to a directory containing one of the above files.
[0.551s]   If "pcl_conversions" provides a separate development package or SDK, be
[0.551s]   sure it has been installed.
[0.551s] Call Stack (most recent call first):
[0.551s]   CMakeLists.txt:10 (find_package)
[0.551s] 
[0.551s] [0m
[0.551s] -- Configuring incomplete, errors occurred!
[0.551s] See also "/home/ethan/Documents/Github/comp0250/comp0250_s25_labs/build/pcl_demo/CMakeFiles/CMakeOutput.log".
