[0.046s] DEBUG:colcon:Command line arguments: ['/usr/bin/colcon', 'build']
[0.046s] DEBUG:colcon:Parsed command line arguments: Namespace(log_base=None, log_level=None, verb_name='build', build_base='build', install_base='install', merge_install=False, symlink_install=False, test_result_base=None, continue_on_error=False, executor='parallel', parallel_workers=32, event_handlers=None, ignore_user_meta=False, metas=['./colcon.meta'], base_paths=['.'], packages_ignore=None, packages_ignore_regex=None, paths=None, packages_up_to=None, packages_up_to_regex=None, packages_above=None, packages_above_and_dependencies=None, packages_above_depth=None, packages_select_by_dep=None, packages_skip_by_dep=None, packages_skip_up_to=None, packages_select_build_failed=False, packages_skip_build_finished=False, packages_select_test_failures=False, packages_skip_test_passed=False, packages_select=None, packages_skip=None, packages_select_regex=None, packages_skip_regex=None, packages_start=None, packages_end=None, allow_overriding=[], cmake_args=None, cmake_target=None, cmake_target_skip_unavailable=False, cmake_clean_cache=False, cmake_clean_first=False, cmake_force_configure=False, ament_cmake_args=None, catkin_cmake_args=None, catkin_skip_building_tests=False, verb_parser=<colcon_defaults.argument_parser.defaults.DefaultArgumentsDecorator object at 0x7bdd1fa0d6c0>, verb_extension=<colcon_core.verb.build.BuildVerb object at 0x7bdd1fcfa740>, main=<bound method BuildVerb.main of <colcon_core.verb.build.BuildVerb object at 0x7bdd1fcfa740>>)
[0.097s] Level 1:colcon.colcon_core.package_discovery:discover_packages(colcon_meta) check parameters
[0.097s] Level 1:colcon.colcon_core.package_discovery:discover_packages(recursive) check parameters
[0.097s] Level 1:colcon.colcon_core.package_discovery:discover_packages(ignore) check parameters
[0.097s] Level 1:colcon.colcon_core.package_discovery:discover_packages(path) check parameters
[0.097s] Level 1:colcon.colcon_core.package_discovery:discover_packages(colcon_meta) discover
[0.097s] Level 1:colcon.colcon_core.package_discovery:discover_packages(recursive) discover
[0.097s] INFO:colcon.colcon_core.package_discovery:Crawling recursively for packages in '/home/ethan/Documents/Github/comp0250/comp0250_s25_labs/src'
[0.097s] Level 1:colcon.colcon_core.package_identification:_identify(.) by extensions ['ignore', 'ignore_ament_install']
[0.097s] Level 1:colcon.colcon_core.package_identification:_identify(.) by extension 'ignore'
[0.097s] Level 1:colcon.colcon_core.package_identification:_identify(.) by extension 'ignore_ament_install'
[0.097s] Level 1:colcon.colcon_core.package_identification:_identify(.) by extensions ['colcon_pkg']
[0.097s] Level 1:colcon.colcon_core.package_identification:_identify(.) by extension 'colcon_pkg'
[0.097s] Level 1:colcon.colcon_core.package_identification:_identify(.) by extensions ['colcon_meta']
[0.097s] Level 1:colcon.colcon_core.package_identification:_identify(.) by extension 'colcon_meta'
[0.097s] Level 1:colcon.colcon_core.package_identification:_identify(.) by extensions ['ros']
[0.097s] Level 1:colcon.colcon_core.package_identification:_identify(.) by extension 'ros'
[0.103s] Level 1:colcon.colcon_core.package_identification:_identify(.) by extensions ['cmake', 'python']
[0.103s] Level 1:colcon.colcon_core.package_identification:_identify(.) by extension 'cmake'
[0.108s] WARNING:colcon.colcon_cmake.package_identification.cmake:Ignoring 'CMakeLists.txt' since it seems to be a toplevel CMake file generated by 'catkin_make'
[0.108s] Level 1:colcon.colcon_core.package_identification:_identify(.) by extension 'python'
[0.108s] Level 1:colcon.colcon_core.package_identification:_identify(.) by extensions ['python_setup_py']
[0.108s] Level 1:colcon.colcon_core.package_identification:_identify(.) by extension 'python_setup_py'
[0.108s] Level 1:colcon.colcon_core.package_identification:_identify(build) by extensions ['ignore', 'ignore_ament_install']
[0.108s] Level 1:colcon.colcon_core.package_identification:_identify(build) by extension 'ignore'
[0.108s] Level 1:colcon.colcon_core.package_identification:_identify(build) ignored
[0.108s] Level 1:colcon.colcon_core.package_identification:_identify(install) by extensions ['ignore', 'ignore_ament_install']
[0.108s] Level 1:colcon.colcon_core.package_identification:_identify(install) by extension 'ignore'
[0.108s] Level 1:colcon.colcon_core.package_identification:_identify(install) ignored
[0.108s] Level 1:colcon.colcon_core.package_identification:_identify(labs) by extensions ['ignore', 'ignore_ament_install']
[0.108s] Level 1:colcon.colcon_core.package_identification:_identify(labs) by extension 'ignore'
[0.108s] Level 1:colcon.colcon_core.package_identification:_identify(labs) by extension 'ignore_ament_install'
[0.108s] Level 1:colcon.colcon_core.package_identification:_identify(labs) by extensions ['colcon_pkg']
[0.108s] Level 1:colcon.colcon_core.package_identification:_identify(labs) by extension 'colcon_pkg'
[0.108s] Level 1:colcon.colcon_core.package_identification:_identify(labs) by extensions ['colcon_meta']
[0.108s] Level 1:colcon.colcon_core.package_identification:_identify(labs) by extension 'colcon_meta'
[0.108s] Level 1:colcon.colcon_core.package_identification:_identify(labs) by extensions ['ros']
[0.108s] Level 1:colcon.colcon_core.package_identification:_identify(labs) by extension 'ros'
[0.108s] Level 1:colcon.colcon_core.package_identification:_identify(labs) by extensions ['cmake', 'python']
[0.108s] Level 1:colcon.colcon_core.package_identification:_identify(labs) by extension 'cmake'
[0.108s] Level 1:colcon.colcon_core.package_identification:_identify(labs) by extension 'python'
[0.108s] Level 1:colcon.colcon_core.package_identification:_identify(labs) by extensions ['python_setup_py']
[0.108s] Level 1:colcon.colcon_core.package_identification:_identify(labs) by extension 'python_setup_py'
[0.108s] Level 1:colcon.colcon_core.package_identification:_identify(labs/moveit_tutorial) by extensions ['ignore', 'ignore_ament_install']
[0.108s] Level 1:colcon.colcon_core.package_identification:_identify(labs/moveit_tutorial) by extension 'ignore'
[0.108s] Level 1:colcon.colcon_core.package_identification:_identify(labs/moveit_tutorial) by extension 'ignore_ament_install'
[0.109s] Level 1:colcon.colcon_core.package_identification:_identify(labs/moveit_tutorial) by extensions ['colcon_pkg']
[0.109s] Level 1:colcon.colcon_core.package_identification:_identify(labs/moveit_tutorial) by extension 'colcon_pkg'
[0.109s] Level 1:colcon.colcon_core.package_identification:_identify(labs/moveit_tutorial) by extensions ['colcon_meta']
[0.109s] Level 1:colcon.colcon_core.package_identification:_identify(labs/moveit_tutorial) by extension 'colcon_meta'
[0.109s] Level 1:colcon.colcon_core.package_identification:_identify(labs/moveit_tutorial) by extensions ['ros']
[0.109s] Level 1:colcon.colcon_core.package_identification:_identify(labs/moveit_tutorial) by extension 'ros'
[0.110s] DEBUG:colcon.colcon_core.package_identification:Package 'labs/moveit_tutorial' with type 'ros.catkin' and name 'moveit_tutorial'
[0.110s] Level 1:colcon.colcon_core.package_identification:_identify(labs/obj_rec_tutorial) by extensions ['ignore', 'ignore_ament_install']
[0.110s] Level 1:colcon.colcon_core.package_identification:_identify(labs/obj_rec_tutorial) by extension 'ignore'
[0.110s] Level 1:colcon.colcon_core.package_identification:_identify(labs/obj_rec_tutorial) by extension 'ignore_ament_install'
[0.110s] Level 1:colcon.colcon_core.package_identification:_identify(labs/obj_rec_tutorial) by extensions ['colcon_pkg']
[0.110s] Level 1:colcon.colcon_core.package_identification:_identify(labs/obj_rec_tutorial) by extension 'colcon_pkg'
[0.110s] Level 1:colcon.colcon_core.package_identification:_identify(labs/obj_rec_tutorial) by extensions ['colcon_meta']
[0.110s] Level 1:colcon.colcon_core.package_identification:_identify(labs/obj_rec_tutorial) by extension 'colcon_meta'
[0.110s] Level 1:colcon.colcon_core.package_identification:_identify(labs/obj_rec_tutorial) by extensions ['ros']
[0.110s] Level 1:colcon.colcon_core.package_identification:_identify(labs/obj_rec_tutorial) by extension 'ros'
[0.111s] DEBUG:colcon.colcon_core.package_identification:Package 'labs/obj_rec_tutorial' with type 'ros.catkin' and name 'obj_rec_tutorial'
[0.111s] Level 1:colcon.colcon_core.package_identification:_identify(labs/pcl_demo) by extensions ['ignore', 'ignore_ament_install']
[0.111s] Level 1:colcon.colcon_core.package_identification:_identify(labs/pcl_demo) by extension 'ignore'
[0.111s] Level 1:colcon.colcon_core.package_identification:_identify(labs/pcl_demo) by extension 'ignore_ament_install'
[0.111s] Level 1:colcon.colcon_core.package_identification:_identify(labs/pcl_demo) by extensions ['colcon_pkg']
[0.111s] Level 1:colcon.colcon_core.package_identification:_identify(labs/pcl_demo) by extension 'colcon_pkg'
[0.111s] Level 1:colcon.colcon_core.package_identification:_identify(labs/pcl_demo) by extensions ['colcon_meta']
[0.111s] Level 1:colcon.colcon_core.package_identification:_identify(labs/pcl_demo) by extension 'colcon_meta'
[0.111s] Level 1:colcon.colcon_core.package_identification:_identify(labs/pcl_demo) by extensions ['ros']
[0.111s] Level 1:colcon.colcon_core.package_identification:_identify(labs/pcl_demo) by extension 'ros'
[0.111s] DEBUG:colcon.colcon_core.package_identification:Package 'labs/pcl_demo' with type 'ros.catkin' and name 'pcl_demo'
[0.111s] Level 1:colcon.colcon_core.package_identification:_identify(labs/pcl_tutorial) by extensions ['ignore', 'ignore_ament_install']
[0.111s] Level 1:colcon.colcon_core.package_identification:_identify(labs/pcl_tutorial) by extension 'ignore'
[0.111s] Level 1:colcon.colcon_core.package_identification:_identify(labs/pcl_tutorial) by extension 'ignore_ament_install'
[0.112s] Level 1:colcon.colcon_core.package_identification:_identify(labs/pcl_tutorial) by extensions ['colcon_pkg']
[0.112s] Level 1:colcon.colcon_core.package_identification:_identify(labs/pcl_tutorial) by extension 'colcon_pkg'
[0.112s] Level 1:colcon.colcon_core.package_identification:_identify(labs/pcl_tutorial) by extensions ['colcon_meta']
[0.112s] Level 1:colcon.colcon_core.package_identification:_identify(labs/pcl_tutorial) by extension 'colcon_meta'
[0.112s] Level 1:colcon.colcon_core.package_identification:_identify(labs/pcl_tutorial) by extensions ['ros']
[0.112s] Level 1:colcon.colcon_core.package_identification:_identify(labs/pcl_tutorial) by extension 'ros'
[0.112s] DEBUG:colcon.colcon_core.package_identification:Package 'labs/pcl_tutorial' with type 'ros.catkin' and name 'pcl_tutorial'
[0.112s] Level 1:colcon.colcon_core.package_identification:_identify(labs/sample) by extensions ['ignore', 'ignore_ament_install']
[0.112s] Level 1:colcon.colcon_core.package_identification:_identify(labs/sample) by extension 'ignore'
[0.112s] Level 1:colcon.colcon_core.package_identification:_identify(labs/sample) by extension 'ignore_ament_install'
[0.112s] Level 1:colcon.colcon_core.package_identification:_identify(labs/sample) by extensions ['colcon_pkg']
[0.112s] Level 1:colcon.colcon_core.package_identification:_identify(labs/sample) by extension 'colcon_pkg'
[0.112s] Level 1:colcon.colcon_core.package_identification:_identify(labs/sample) by extensions ['colcon_meta']
[0.112s] Level 1:colcon.colcon_core.package_identification:_identify(labs/sample) by extension 'colcon_meta'
[0.112s] Level 1:colcon.colcon_core.package_identification:_identify(labs/sample) by extensions ['ros']
[0.112s] Level 1:colcon.colcon_core.package_identification:_identify(labs/sample) by extension 'ros'
[0.113s] DEBUG:colcon.colcon_core.package_identification:Package 'labs/sample' with type 'ros.catkin' and name 'sample'
[0.113s] Level 1:colcon.colcon_core.package_identification:_identify(labs/style_solution) by extensions ['ignore', 'ignore_ament_install']
[0.113s] Level 1:colcon.colcon_core.package_identification:_identify(labs/style_solution) by extension 'ignore'
[0.113s] Level 1:colcon.colcon_core.package_identification:_identify(labs/style_solution) by extension 'ignore_ament_install'
[0.113s] Level 1:colcon.colcon_core.package_identification:_identify(labs/style_solution) by extensions ['colcon_pkg']
[0.113s] Level 1:colcon.colcon_core.package_identification:_identify(labs/style_solution) by extension 'colcon_pkg'
[0.113s] Level 1:colcon.colcon_core.package_identification:_identify(labs/style_solution) by extensions ['colcon_meta']
[0.113s] Level 1:colcon.colcon_core.package_identification:_identify(labs/style_solution) by extension 'colcon_meta'
[0.113s] Level 1:colcon.colcon_core.package_identification:_identify(labs/style_solution) by extensions ['ros']
[0.113s] Level 1:colcon.colcon_core.package_identification:_identify(labs/style_solution) by extension 'ros'
[0.113s] DEBUG:colcon.colcon_core.package_identification:Package 'labs/style_solution' with type 'ros.catkin' and name 'style_solution'
[0.113s] Level 1:colcon.colcon_core.package_identification:_identify(labs/style_tutorial) by extensions ['ignore', 'ignore_ament_install']
[0.113s] Level 1:colcon.colcon_core.package_identification:_identify(labs/style_tutorial) by extension 'ignore'
[0.113s] Level 1:colcon.colcon_core.package_identification:_identify(labs/style_tutorial) by extension 'ignore_ament_install'
[0.113s] Level 1:colcon.colcon_core.package_identification:_identify(labs/style_tutorial) by extensions ['colcon_pkg']
[0.113s] Level 1:colcon.colcon_core.package_identification:_identify(labs/style_tutorial) by extension 'colcon_pkg'
[0.114s] Level 1:colcon.colcon_core.package_identification:_identify(labs/style_tutorial) by extensions ['colcon_meta']
[0.114s] Level 1:colcon.colcon_core.package_identification:_identify(labs/style_tutorial) by extension 'colcon_meta'
[0.114s] Level 1:colcon.colcon_core.package_identification:_identify(labs/style_tutorial) by extensions ['ros']
[0.114s] Level 1:colcon.colcon_core.package_identification:_identify(labs/style_tutorial) by extension 'ros'
[0.114s] DEBUG:colcon.colcon_core.package_identification:Package 'labs/style_tutorial' with type 'ros.catkin' and name 'style_tutorial'
[0.114s] Level 1:colcon.colcon_core.package_identification:_identify(log) by extensions ['ignore', 'ignore_ament_install']
[0.114s] Level 1:colcon.colcon_core.package_identification:_identify(log) by extension 'ignore'
[0.114s] Level 1:colcon.colcon_core.package_identification:_identify(log) ignored
[0.114s] Level 1:colcon.colcon_core.package_identification:_identify(panda_description) by extensions ['ignore', 'ignore_ament_install']
[0.114s] Level 1:colcon.colcon_core.package_identification:_identify(panda_description) by extension 'ignore'
[0.114s] Level 1:colcon.colcon_core.package_identification:_identify(panda_description) by extension 'ignore_ament_install'
[0.114s] Level 1:colcon.colcon_core.package_identification:_identify(panda_description) by extensions ['colcon_pkg']
[0.114s] Level 1:colcon.colcon_core.package_identification:_identify(panda_description) by extension 'colcon_pkg'
[0.114s] Level 1:colcon.colcon_core.package_identification:_identify(panda_description) by extensions ['colcon_meta']
[0.114s] Level 1:colcon.colcon_core.package_identification:_identify(panda_description) by extension 'colcon_meta'
[0.114s] Level 1:colcon.colcon_core.package_identification:_identify(panda_description) by extensions ['ros']
[0.114s] Level 1:colcon.colcon_core.package_identification:_identify(panda_description) by extension 'ros'
[0.115s] DEBUG:colcon.colcon_core.package_identification:Package 'panda_description' with type 'ros.catkin' and name 'panda_description'
[0.115s] Level 1:colcon.colcon_core.package_identification:_identify(panda_moveit_config) by extensions ['ignore', 'ignore_ament_install']
[0.115s] Level 1:colcon.colcon_core.package_identification:_identify(panda_moveit_config) by extension 'ignore'
[0.115s] Level 1:colcon.colcon_core.package_identification:_identify(panda_moveit_config) by extension 'ignore_ament_install'
[0.115s] Level 1:colcon.colcon_core.package_identification:_identify(panda_moveit_config) by extensions ['colcon_pkg']
[0.115s] Level 1:colcon.colcon_core.package_identification:_identify(panda_moveit_config) by extension 'colcon_pkg'
[0.115s] Level 1:colcon.colcon_core.package_identification:_identify(panda_moveit_config) by extensions ['colcon_meta']
[0.115s] Level 1:colcon.colcon_core.package_identification:_identify(panda_moveit_config) by extension 'colcon_meta'
[0.115s] Level 1:colcon.colcon_core.package_identification:_identify(panda_moveit_config) by extensions ['ros']
[0.115s] Level 1:colcon.colcon_core.package_identification:_identify(panda_moveit_config) by extension 'ros'
[0.115s] DEBUG:colcon.colcon_core.package_identification:Package 'panda_moveit_config' with type 'ros.catkin' and name 'panda_moveit_config'
[0.115s] Level 1:colcon.colcon_core.package_identification:_identify(realsense_gazebo_plugin) by extensions ['ignore', 'ignore_ament_install']
[0.115s] Level 1:colcon.colcon_core.package_identification:_identify(realsense_gazebo_plugin) by extension 'ignore'
[0.115s] Level 1:colcon.colcon_core.package_identification:_identify(realsense_gazebo_plugin) by extension 'ignore_ament_install'
[0.115s] Level 1:colcon.colcon_core.package_identification:_identify(realsense_gazebo_plugin) by extensions ['colcon_pkg']
[0.115s] Level 1:colcon.colcon_core.package_identification:_identify(realsense_gazebo_plugin) by extension 'colcon_pkg'
[0.115s] Level 1:colcon.colcon_core.package_identification:_identify(realsense_gazebo_plugin) by extensions ['colcon_meta']
[0.115s] Level 1:colcon.colcon_core.package_identification:_identify(realsense_gazebo_plugin) by extension 'colcon_meta'
[0.115s] Level 1:colcon.colcon_core.package_identification:_identify(realsense_gazebo_plugin) by extensions ['ros']
[0.115s] Level 1:colcon.colcon_core.package_identification:_identify(realsense_gazebo_plugin) by extension 'ros'
[0.116s] DEBUG:colcon.colcon_core.package_identification:Package 'realsense_gazebo_plugin' with type 'ros.catkin' and name 'realsense_gazebo_plugin'
[0.116s] Level 1:colcon.colcon_core.package_identification:_identify(rpl_panda_with_rs) by extensions ['ignore', 'ignore_ament_install']
[0.116s] Level 1:colcon.colcon_core.package_identification:_identify(rpl_panda_with_rs) by extension 'ignore'
[0.116s] Level 1:colcon.colcon_core.package_identification:_identify(rpl_panda_with_rs) by extension 'ignore_ament_install'
[0.116s] Level 1:colcon.colcon_core.package_identification:_identify(rpl_panda_with_rs) by extensions ['colcon_pkg']
[0.116s] Level 1:colcon.colcon_core.package_identification:_identify(rpl_panda_with_rs) by extension 'colcon_pkg'
[0.116s] Level 1:colcon.colcon_core.package_identification:_identify(rpl_panda_with_rs) by extensions ['colcon_meta']
[0.116s] Level 1:colcon.colcon_core.package_identification:_identify(rpl_panda_with_rs) by extension 'colcon_meta'
[0.116s] Level 1:colcon.colcon_core.package_identification:_identify(rpl_panda_with_rs) by extensions ['ros']
[0.116s] Level 1:colcon.colcon_core.package_identification:_identify(rpl_panda_with_rs) by extension 'ros'
[0.116s] DEBUG:colcon.colcon_core.package_identification:Package 'rpl_panda_with_rs' with type 'ros.catkin' and name 'rpl_panda_with_rs'
[0.116s] Level 1:colcon.colcon_core.package_discovery:discover_packages(recursive) using defaults
[0.116s] Level 1:colcon.colcon_core.package_discovery:discover_packages(ignore) discover
[0.116s] Level 1:colcon.colcon_core.package_discovery:discover_packages(ignore) using defaults
[0.116s] Level 1:colcon.colcon_core.package_discovery:discover_packages(path) discover
[0.116s] Level 1:colcon.colcon_core.package_discovery:discover_packages(path) using defaults
[0.127s] Level 1:colcon.colcon_core.package_discovery:discover_packages(prefix_path) check parameters
[0.127s] Level 1:colcon.colcon_core.package_discovery:discover_packages(prefix_path) discover
[0.128s] Level 1:colcon.colcon_core.package_discovery:discover_packages(prefix_path) using defaults
[0.128s] Level 5:colcon.colcon_core.verb:set package 'moveit_tutorial' build argument 'cmake_args' from command line to 'None'
[0.128s] Level 5:colcon.colcon_core.verb:set package 'moveit_tutorial' build argument 'cmake_target' from command line to 'None'
[0.128s] Level 5:colcon.colcon_core.verb:set package 'moveit_tutorial' build argument 'cmake_target_skip_unavailable' from command line to 'False'
[0.128s] Level 5:colcon.colcon_core.verb:set package 'moveit_tutorial' build argument 'cmake_clean_cache' from command line to 'False'
[0.128s] Level 5:colcon.colcon_core.verb:set package 'moveit_tutorial' build argument 'cmake_clean_first' from command line to 'False'
[0.128s] Level 5:colcon.colcon_core.verb:set package 'moveit_tutorial' build argument 'cmake_force_configure' from command line to 'False'
[0.128s] Level 5:colcon.colcon_core.verb:set package 'moveit_tutorial' build argument 'ament_cmake_args' from command line to 'None'
[0.128s] Level 5:colcon.colcon_core.verb:set package 'moveit_tutorial' build argument 'catkin_cmake_args' from command line to 'None'
[0.128s] Level 5:colcon.colcon_core.verb:set package 'moveit_tutorial' build argument 'catkin_skip_building_tests' from command line to 'False'
[0.128s] DEBUG:colcon.colcon_core.verb:Building package 'moveit_tutorial' with the following arguments: {'ament_cmake_args': None, 'build_base': '/home/ethan/Documents/Github/comp0250/comp0250_s25_labs/src/build/moveit_tutorial', 'catkin_cmake_args': None, 'catkin_skip_building_tests': False, 'cmake_args': None, 'cmake_clean_cache': False, 'cmake_clean_first': False, 'cmake_force_configure': False, 'cmake_target': None, 'cmake_target_skip_unavailable': False, 'install_base': '/home/ethan/Documents/Github/comp0250/comp0250_s25_labs/src/install/moveit_tutorial', 'merge_install': False, 'path': '/home/ethan/Documents/Github/comp0250/comp0250_s25_labs/src/labs/moveit_tutorial', 'symlink_install': False, 'test_result_base': None}
[0.129s] Level 5:colcon.colcon_core.verb:set package 'obj_rec_tutorial' build argument 'cmake_args' from command line to 'None'
[0.129s] Level 5:colcon.colcon_core.verb:set package 'obj_rec_tutorial' build argument 'cmake_target' from command line to 'None'
[0.129s] Level 5:colcon.colcon_core.verb:set package 'obj_rec_tutorial' build argument 'cmake_target_skip_unavailable' from command line to 'False'
[0.129s] Level 5:colcon.colcon_core.verb:set package 'obj_rec_tutorial' build argument 'cmake_clean_cache' from command line to 'False'
[0.129s] Level 5:colcon.colcon_core.verb:set package 'obj_rec_tutorial' build argument 'cmake_clean_first' from command line to 'False'
[0.129s] Level 5:colcon.colcon_core.verb:set package 'obj_rec_tutorial' build argument 'cmake_force_configure' from command line to 'False'
[0.129s] Level 5:colcon.colcon_core.verb:set package 'obj_rec_tutorial' build argument 'ament_cmake_args' from command line to 'None'
[0.129s] Level 5:colcon.colcon_core.verb:set package 'obj_rec_tutorial' build argument 'catkin_cmake_args' from command line to 'None'
[0.129s] Level 5:colcon.colcon_core.verb:set package 'obj_rec_tutorial' build argument 'catkin_skip_building_tests' from command line to 'False'
[0.129s] DEBUG:colcon.colcon_core.verb:Building package 'obj_rec_tutorial' with the following arguments: {'ament_cmake_args': None, 'build_base': '/home/ethan/Documents/Github/comp0250/comp0250_s25_labs/src/build/obj_rec_tutorial', 'catkin_cmake_args': None, 'catkin_skip_building_tests': False, 'cmake_args': None, 'cmake_clean_cache': False, 'cmake_clean_first': False, 'cmake_force_configure': False, 'cmake_target': None, 'cmake_target_skip_unavailable': False, 'install_base': '/home/ethan/Documents/Github/comp0250/comp0250_s25_labs/src/install/obj_rec_tutorial', 'merge_install': False, 'path': '/home/ethan/Documents/Github/comp0250/comp0250_s25_labs/src/labs/obj_rec_tutorial', 'symlink_install': False, 'test_result_base': None}
[0.129s] Level 5:colcon.colcon_core.verb:set package 'panda_description' build argument 'cmake_args' from command line to 'None'
[0.129s] Level 5:colcon.colcon_core.verb:set package 'panda_description' build argument 'cmake_target' from command line to 'None'
[0.129s] Level 5:colcon.colcon_core.verb:set package 'panda_description' build argument 'cmake_target_skip_unavailable' from command line to 'False'
[0.129s] Level 5:colcon.colcon_core.verb:set package 'panda_description' build argument 'cmake_clean_cache' from command line to 'False'
[0.129s] Level 5:colcon.colcon_core.verb:set package 'panda_description' build argument 'cmake_clean_first' from command line to 'False'
[0.129s] Level 5:colcon.colcon_core.verb:set package 'panda_description' build argument 'cmake_force_configure' from command line to 'False'
[0.129s] Level 5:colcon.colcon_core.verb:set package 'panda_description' build argument 'ament_cmake_args' from command line to 'None'
[0.129s] Level 5:colcon.colcon_core.verb:set package 'panda_description' build argument 'catkin_cmake_args' from command line to 'None'
[0.129s] Level 5:colcon.colcon_core.verb:set package 'panda_description' build argument 'catkin_skip_building_tests' from command line to 'False'
[0.129s] DEBUG:colcon.colcon_core.verb:Building package 'panda_description' with the following arguments: {'ament_cmake_args': None, 'build_base': '/home/ethan/Documents/Github/comp0250/comp0250_s25_labs/src/build/panda_description', 'catkin_cmake_args': None, 'catkin_skip_building_tests': False, 'cmake_args': None, 'cmake_clean_cache': False, 'cmake_clean_first': False, 'cmake_force_configure': False, 'cmake_target': None, 'cmake_target_skip_unavailable': False, 'install_base': '/home/ethan/Documents/Github/comp0250/comp0250_s25_labs/src/install/panda_description', 'merge_install': False, 'path': '/home/ethan/Documents/Github/comp0250/comp0250_s25_labs/src/panda_description', 'symlink_install': False, 'test_result_base': None}
[0.129s] Level 5:colcon.colcon_core.verb:set package 'panda_moveit_config' build argument 'cmake_args' from command line to 'None'
[0.129s] Level 5:colcon.colcon_core.verb:set package 'panda_moveit_config' build argument 'cmake_target' from command line to 'None'
[0.129s] Level 5:colcon.colcon_core.verb:set package 'panda_moveit_config' build argument 'cmake_target_skip_unavailable' from command line to 'False'
[0.129s] Level 5:colcon.colcon_core.verb:set package 'panda_moveit_config' build argument 'cmake_clean_cache' from command line to 'False'
[0.129s] Level 5:colcon.colcon_core.verb:set package 'panda_moveit_config' build argument 'cmake_clean_first' from command line to 'False'
[0.129s] Level 5:colcon.colcon_core.verb:set package 'panda_moveit_config' build argument 'cmake_force_configure' from command line to 'False'
[0.129s] Level 5:colcon.colcon_core.verb:set package 'panda_moveit_config' build argument 'ament_cmake_args' from command line to 'None'
[0.129s] Level 5:colcon.colcon_core.verb:set package 'panda_moveit_config' build argument 'catkin_cmake_args' from command line to 'None'
[0.129s] Level 5:colcon.colcon_core.verb:set package 'panda_moveit_config' build argument 'catkin_skip_building_tests' from command line to 'False'
[0.129s] DEBUG:colcon.colcon_core.verb:Building package 'panda_moveit_config' with the following arguments: {'ament_cmake_args': None, 'build_base': '/home/ethan/Documents/Github/comp0250/comp0250_s25_labs/src/build/panda_moveit_config', 'catkin_cmake_args': None, 'catkin_skip_building_tests': False, 'cmake_args': None, 'cmake_clean_cache': False, 'cmake_clean_first': False, 'cmake_force_configure': False, 'cmake_target': None, 'cmake_target_skip_unavailable': False, 'install_base': '/home/ethan/Documents/Github/comp0250/comp0250_s25_labs/src/install/panda_moveit_config', 'merge_install': False, 'path': '/home/ethan/Documents/Github/comp0250/comp0250_s25_labs/src/panda_moveit_config', 'symlink_install': False, 'test_result_base': None}
[0.129s] Level 5:colcon.colcon_core.verb:set package 'pcl_demo' build argument 'cmake_args' from command line to 'None'
[0.129s] Level 5:colcon.colcon_core.verb:set package 'pcl_demo' build argument 'cmake_target' from command line to 'None'
[0.129s] Level 5:colcon.colcon_core.verb:set package 'pcl_demo' build argument 'cmake_target_skip_unavailable' from command line to 'False'
[0.129s] Level 5:colcon.colcon_core.verb:set package 'pcl_demo' build argument 'cmake_clean_cache' from command line to 'False'
[0.129s] Level 5:colcon.colcon_core.verb:set package 'pcl_demo' build argument 'cmake_clean_first' from command line to 'False'
[0.129s] Level 5:colcon.colcon_core.verb:set package 'pcl_demo' build argument 'cmake_force_configure' from command line to 'False'
[0.129s] Level 5:colcon.colcon_core.verb:set package 'pcl_demo' build argument 'ament_cmake_args' from command line to 'None'
[0.129s] Level 5:colcon.colcon_core.verb:set package 'pcl_demo' build argument 'catkin_cmake_args' from command line to 'None'
[0.129s] Level 5:colcon.colcon_core.verb:set package 'pcl_demo' build argument 'catkin_skip_building_tests' from command line to 'False'
[0.129s] DEBUG:colcon.colcon_core.verb:Building package 'pcl_demo' with the following arguments: {'ament_cmake_args': None, 'build_base': '/home/ethan/Documents/Github/comp0250/comp0250_s25_labs/src/build/pcl_demo', 'catkin_cmake_args': None, 'catkin_skip_building_tests': False, 'cmake_args': None, 'cmake_clean_cache': False, 'cmake_clean_first': False, 'cmake_force_configure': False, 'cmake_target': None, 'cmake_target_skip_unavailable': False, 'install_base': '/home/ethan/Documents/Github/comp0250/comp0250_s25_labs/src/install/pcl_demo', 'merge_install': False, 'path': '/home/ethan/Documents/Github/comp0250/comp0250_s25_labs/src/labs/pcl_demo', 'symlink_install': False, 'test_result_base': None}
[0.130s] Level 5:colcon.colcon_core.verb:set package 'pcl_tutorial' build argument 'cmake_args' from command line to 'None'
[0.130s] Level 5:colcon.colcon_core.verb:set package 'pcl_tutorial' build argument 'cmake_target' from command line to 'None'
[0.130s] Level 5:colcon.colcon_core.verb:set package 'pcl_tutorial' build argument 'cmake_target_skip_unavailable' from command line to 'False'
[0.130s] Level 5:colcon.colcon_core.verb:set package 'pcl_tutorial' build argument 'cmake_clean_cache' from command line to 'False'
[0.130s] Level 5:colcon.colcon_core.verb:set package 'pcl_tutorial' build argument 'cmake_clean_first' from command line to 'False'
[0.130s] Level 5:colcon.colcon_core.verb:set package 'pcl_tutorial' build argument 'cmake_force_configure' from command line to 'False'
[0.130s] Level 5:colcon.colcon_core.verb:set package 'pcl_tutorial' build argument 'ament_cmake_args' from command line to 'None'
[0.130s] Level 5:colcon.colcon_core.verb:set package 'pcl_tutorial' build argument 'catkin_cmake_args' from command line to 'None'
[0.130s] Level 5:colcon.colcon_core.verb:set package 'pcl_tutorial' build argument 'catkin_skip_building_tests' from command line to 'False'
[0.130s] DEBUG:colcon.colcon_core.verb:Building package 'pcl_tutorial' with the following arguments: {'ament_cmake_args': None, 'build_base': '/home/ethan/Documents/Github/comp0250/comp0250_s25_labs/src/build/pcl_tutorial', 'catkin_cmake_args': None, 'catkin_skip_building_tests': False, 'cmake_args': None, 'cmake_clean_cache': False, 'cmake_clean_first': False, 'cmake_force_configure': False, 'cmake_target': None, 'cmake_target_skip_unavailable': False, 'install_base': '/home/ethan/Documents/Github/comp0250/comp0250_s25_labs/src/install/pcl_tutorial', 'merge_install': False, 'path': '/home/ethan/Documents/Github/comp0250/comp0250_s25_labs/src/labs/pcl_tutorial', 'symlink_install': False, 'test_result_base': None}
[0.130s] Level 5:colcon.colcon_core.verb:set package 'realsense_gazebo_plugin' build argument 'cmake_args' from command line to 'None'
[0.130s] Level 5:colcon.colcon_core.verb:set package 'realsense_gazebo_plugin' build argument 'cmake_target' from command line to 'None'
[0.130s] Level 5:colcon.colcon_core.verb:set package 'realsense_gazebo_plugin' build argument 'cmake_target_skip_unavailable' from command line to 'False'
[0.130s] Level 5:colcon.colcon_core.verb:set package 'realsense_gazebo_plugin' build argument 'cmake_clean_cache' from command line to 'False'
[0.130s] Level 5:colcon.colcon_core.verb:set package 'realsense_gazebo_plugin' build argument 'cmake_clean_first' from command line to 'False'
[0.130s] Level 5:colcon.colcon_core.verb:set package 'realsense_gazebo_plugin' build argument 'cmake_force_configure' from command line to 'False'
[0.130s] Level 5:colcon.colcon_core.verb:set package 'realsense_gazebo_plugin' build argument 'ament_cmake_args' from command line to 'None'
[0.130s] Level 5:colcon.colcon_core.verb:set package 'realsense_gazebo_plugin' build argument 'catkin_cmake_args' from command line to 'None'
[0.130s] Level 5:colcon.colcon_core.verb:set package 'realsense_gazebo_plugin' build argument 'catkin_skip_building_tests' from command line to 'False'
[0.130s] DEBUG:colcon.colcon_core.verb:Building package 'realsense_gazebo_plugin' with the following arguments: {'ament_cmake_args': None, 'build_base': '/home/ethan/Documents/Github/comp0250/comp0250_s25_labs/src/build/realsense_gazebo_plugin', 'catkin_cmake_args': None, 'catkin_skip_building_tests': False, 'cmake_args': None, 'cmake_clean_cache': False, 'cmake_clean_first': False, 'cmake_force_configure': False, 'cmake_target': None, 'cmake_target_skip_unavailable': False, 'install_base': '/home/ethan/Documents/Github/comp0250/comp0250_s25_labs/src/install/realsense_gazebo_plugin', 'merge_install': False, 'path': '/home/ethan/Documents/Github/comp0250/comp0250_s25_labs/src/realsense_gazebo_plugin', 'symlink_install': False, 'test_result_base': None}
[0.130s] Level 5:colcon.colcon_core.verb:set package 'rpl_panda_with_rs' build argument 'cmake_args' from command line to 'None'
[0.130s] Level 5:colcon.colcon_core.verb:set package 'rpl_panda_with_rs' build argument 'cmake_target' from command line to 'None'
[0.130s] Level 5:colcon.colcon_core.verb:set package 'rpl_panda_with_rs' build argument 'cmake_target_skip_unavailable' from command line to 'False'
[0.130s] Level 5:colcon.colcon_core.verb:set package 'rpl_panda_with_rs' build argument 'cmake_clean_cache' from command line to 'False'
[0.130s] Level 5:colcon.colcon_core.verb:set package 'rpl_panda_with_rs' build argument 'cmake_clean_first' from command line to 'False'
[0.130s] Level 5:colcon.colcon_core.verb:set package 'rpl_panda_with_rs' build argument 'cmake_force_configure' from command line to 'False'
[0.130s] Level 5:colcon.colcon_core.verb:set package 'rpl_panda_with_rs' build argument 'ament_cmake_args' from command line to 'None'
[0.130s] Level 5:colcon.colcon_core.verb:set package 'rpl_panda_with_rs' build argument 'catkin_cmake_args' from command line to 'None'
[0.130s] Level 5:colcon.colcon_core.verb:set package 'rpl_panda_with_rs' build argument 'catkin_skip_building_tests' from command line to 'False'
[0.130s] DEBUG:colcon.colcon_core.verb:Building package 'rpl_panda_with_rs' with the following arguments: {'ament_cmake_args': None, 'build_base': '/home/ethan/Documents/Github/comp0250/comp0250_s25_labs/src/build/rpl_panda_with_rs', 'catkin_cmake_args': None, 'catkin_skip_building_tests': False, 'cmake_args': None, 'cmake_clean_cache': False, 'cmake_clean_first': False, 'cmake_force_configure': False, 'cmake_target': None, 'cmake_target_skip_unavailable': False, 'install_base': '/home/ethan/Documents/Github/comp0250/comp0250_s25_labs/src/install/rpl_panda_with_rs', 'merge_install': False, 'path': '/home/ethan/Documents/Github/comp0250/comp0250_s25_labs/src/rpl_panda_with_rs', 'symlink_install': False, 'test_result_base': None}
[0.130s] Level 5:colcon.colcon_core.verb:set package 'sample' build argument 'cmake_args' from command line to 'None'
[0.130s] Level 5:colcon.colcon_core.verb:set package 'sample' build argument 'cmake_target' from command line to 'None'
[0.130s] Level 5:colcon.colcon_core.verb:set package 'sample' build argument 'cmake_target_skip_unavailable' from command line to 'False'
[0.130s] Level 5:colcon.colcon_core.verb:set package 'sample' build argument 'cmake_clean_cache' from command line to 'False'
[0.130s] Level 5:colcon.colcon_core.verb:set package 'sample' build argument 'cmake_clean_first' from command line to 'False'
[0.130s] Level 5:colcon.colcon_core.verb:set package 'sample' build argument 'cmake_force_configure' from command line to 'False'
[0.130s] Level 5:colcon.colcon_core.verb:set package 'sample' build argument 'ament_cmake_args' from command line to 'None'
[0.130s] Level 5:colcon.colcon_core.verb:set package 'sample' build argument 'catkin_cmake_args' from command line to 'None'
[0.130s] Level 5:colcon.colcon_core.verb:set package 'sample' build argument 'catkin_skip_building_tests' from command line to 'False'
[0.130s] DEBUG:colcon.colcon_core.verb:Building package 'sample' with the following arguments: {'ament_cmake_args': None, 'build_base': '/home/ethan/Documents/Github/comp0250/comp0250_s25_labs/src/build/sample', 'catkin_cmake_args': None, 'catkin_skip_building_tests': False, 'cmake_args': None, 'cmake_clean_cache': False, 'cmake_clean_first': False, 'cmake_force_configure': False, 'cmake_target': None, 'cmake_target_skip_unavailable': False, 'install_base': '/home/ethan/Documents/Github/comp0250/comp0250_s25_labs/src/install/sample', 'merge_install': False, 'path': '/home/ethan/Documents/Github/comp0250/comp0250_s25_labs/src/labs/sample', 'symlink_install': False, 'test_result_base': None}
[0.131s] Level 5:colcon.colcon_core.verb:set package 'style_solution' build argument 'cmake_args' from command line to 'None'
[0.131s] Level 5:colcon.colcon_core.verb:set package 'style_solution' build argument 'cmake_target' from command line to 'None'
[0.131s] Level 5:colcon.colcon_core.verb:set package 'style_solution' build argument 'cmake_target_skip_unavailable' from command line to 'False'
[0.131s] Level 5:colcon.colcon_core.verb:set package 'style_solution' build argument 'cmake_clean_cache' from command line to 'False'
[0.131s] Level 5:colcon.colcon_core.verb:set package 'style_solution' build argument 'cmake_clean_first' from command line to 'False'
[0.131s] Level 5:colcon.colcon_core.verb:set package 'style_solution' build argument 'cmake_force_configure' from command line to 'False'
[0.131s] Level 5:colcon.colcon_core.verb:set package 'style_solution' build argument 'ament_cmake_args' from command line to 'None'
[0.131s] Level 5:colcon.colcon_core.verb:set package 'style_solution' build argument 'catkin_cmake_args' from command line to 'None'
[0.131s] Level 5:colcon.colcon_core.verb:set package 'style_solution' build argument 'catkin_skip_building_tests' from command line to 'False'
[0.131s] DEBUG:colcon.colcon_core.verb:Building package 'style_solution' with the following arguments: {'ament_cmake_args': None, 'build_base': '/home/ethan/Documents/Github/comp0250/comp0250_s25_labs/src/build/style_solution', 'catkin_cmake_args': None, 'catkin_skip_building_tests': False, 'cmake_args': None, 'cmake_clean_cache': False, 'cmake_clean_first': False, 'cmake_force_configure': False, 'cmake_target': None, 'cmake_target_skip_unavailable': False, 'install_base': '/home/ethan/Documents/Github/comp0250/comp0250_s25_labs/src/install/style_solution', 'merge_install': False, 'path': '/home/ethan/Documents/Github/comp0250/comp0250_s25_labs/src/labs/style_solution', 'symlink_install': False, 'test_result_base': None}
[0.131s] Level 5:colcon.colcon_core.verb:set package 'style_tutorial' build argument 'cmake_args' from command line to 'None'
[0.131s] Level 5:colcon.colcon_core.verb:set package 'style_tutorial' build argument 'cmake_target' from command line to 'None'
[0.131s] Level 5:colcon.colcon_core.verb:set package 'style_tutorial' build argument 'cmake_target_skip_unavailable' from command line to 'False'
[0.131s] Level 5:colcon.colcon_core.verb:set package 'style_tutorial' build argument 'cmake_clean_cache' from command line to 'False'
[0.131s] Level 5:colcon.colcon_core.verb:set package 'style_tutorial' build argument 'cmake_clean_first' from command line to 'False'
[0.131s] Level 5:colcon.colcon_core.verb:set package 'style_tutorial' build argument 'cmake_force_configure' from command line to 'False'
[0.131s] Level 5:colcon.colcon_core.verb:set package 'style_tutorial' build argument 'ament_cmake_args' from command line to 'None'
[0.131s] Level 5:colcon.colcon_core.verb:set package 'style_tutorial' build argument 'catkin_cmake_args' from command line to 'None'
[0.131s] Level 5:colcon.colcon_core.verb:set package 'style_tutorial' build argument 'catkin_skip_building_tests' from command line to 'False'
[0.131s] DEBUG:colcon.colcon_core.verb:Building package 'style_tutorial' with the following arguments: {'ament_cmake_args': None, 'build_base': '/home/ethan/Documents/Github/comp0250/comp0250_s25_labs/src/build/style_tutorial', 'catkin_cmake_args': None, 'catkin_skip_building_tests': False, 'cmake_args': None, 'cmake_clean_cache': False, 'cmake_clean_first': False, 'cmake_force_configure': False, 'cmake_target': None, 'cmake_target_skip_unavailable': False, 'install_base': '/home/ethan/Documents/Github/comp0250/comp0250_s25_labs/src/install/style_tutorial', 'merge_install': False, 'path': '/home/ethan/Documents/Github/comp0250/comp0250_s25_labs/src/labs/style_tutorial', 'symlink_install': False, 'test_result_base': None}
[0.131s] INFO:colcon.colcon_core.executor:Executing jobs using 'parallel' executor
[0.132s] DEBUG:colcon.colcon_parallel_executor.executor.parallel:run_until_complete
[0.132s] INFO:colcon.colcon_ros.task.catkin.build:Building ROS package in '/home/ethan/Documents/Github/comp0250/comp0250_s25_labs/src/labs/moveit_tutorial' with build type 'catkin'
[0.132s] INFO:colcon.colcon_cmake.task.cmake.build:Building CMake package in '/home/ethan/Documents/Github/comp0250/comp0250_s25_labs/src/labs/moveit_tutorial'
[0.133s] INFO:colcon.colcon_core.plugin_system:Skipping extension 'colcon_core.shell.bat': Not used on non-Windows systems
[0.133s] INFO:colcon.colcon_core.shell:Skip shell extension 'powershell' for command environment: Not usable outside of PowerShell
[0.133s] DEBUG:colcon.colcon_core.shell:Skip shell extension 'dsv' for command environment
[0.134s] INFO:colcon.colcon_ros.task.catkin.build:Building ROS package in '/home/ethan/Documents/Github/comp0250/comp0250_s25_labs/src/labs/obj_rec_tutorial' with build type 'catkin'
[0.134s] INFO:colcon.colcon_cmake.task.cmake.build:Building CMake package in '/home/ethan/Documents/Github/comp0250/comp0250_s25_labs/src/labs/obj_rec_tutorial'
[0.135s] INFO:colcon.colcon_core.shell:Skip shell extension 'powershell' for command environment: Not usable outside of PowerShell
[0.135s] DEBUG:colcon.colcon_core.shell:Skip shell extension 'dsv' for command environment
[0.135s] INFO:colcon.colcon_ros.task.catkin.build:Building ROS package in '/home/ethan/Documents/Github/comp0250/comp0250_s25_labs/src/panda_description' with build type 'catkin'
[0.135s] INFO:colcon.colcon_cmake.task.cmake.build:Building CMake package in '/home/ethan/Documents/Github/comp0250/comp0250_s25_labs/src/panda_description'
[0.136s] INFO:colcon.colcon_core.shell:Skip shell extension 'powershell' for command environment: Not usable outside of PowerShell
[0.136s] DEBUG:colcon.colcon_core.shell:Skip shell extension 'dsv' for command environment
[0.136s] INFO:colcon.colcon_ros.task.catkin.build:Building ROS package in '/home/ethan/Documents/Github/comp0250/comp0250_s25_labs/src/panda_moveit_config' with build type 'catkin'
[0.136s] INFO:colcon.colcon_cmake.task.cmake.build:Building CMake package in '/home/ethan/Documents/Github/comp0250/comp0250_s25_labs/src/panda_moveit_config'
[0.137s] INFO:colcon.colcon_core.shell:Skip shell extension 'powershell' for command environment: Not usable outside of PowerShell
[0.137s] DEBUG:colcon.colcon_core.shell:Skip shell extension 'dsv' for command environment
[0.137s] INFO:colcon.colcon_ros.task.catkin.build:Building ROS package in '/home/ethan/Documents/Github/comp0250/comp0250_s25_labs/src/labs/pcl_demo' with build type 'catkin'
[0.138s] INFO:colcon.colcon_cmake.task.cmake.build:Building CMake package in '/home/ethan/Documents/Github/comp0250/comp0250_s25_labs/src/labs/pcl_demo'
[0.138s] INFO:colcon.colcon_core.shell:Skip shell extension 'powershell' for command environment: Not usable outside of PowerShell
[0.138s] DEBUG:colcon.colcon_core.shell:Skip shell extension 'dsv' for command environment
[0.139s] INFO:colcon.colcon_ros.task.catkin.build:Building ROS package in '/home/ethan/Documents/Github/comp0250/comp0250_s25_labs/src/labs/pcl_tutorial' with build type 'catkin'
[0.139s] INFO:colcon.colcon_cmake.task.cmake.build:Building CMake package in '/home/ethan/Documents/Github/comp0250/comp0250_s25_labs/src/labs/pcl_tutorial'
[0.139s] INFO:colcon.colcon_core.shell:Skip shell extension 'powershell' for command environment: Not usable outside of PowerShell
[0.139s] DEBUG:colcon.colcon_core.shell:Skip shell extension 'dsv' for command environment
[0.140s] INFO:colcon.colcon_ros.task.catkin.build:Building ROS package in '/home/ethan/Documents/Github/comp0250/comp0250_s25_labs/src/realsense_gazebo_plugin' with build type 'catkin'
[0.140s] INFO:colcon.colcon_cmake.task.cmake.build:Building CMake package in '/home/ethan/Documents/Github/comp0250/comp0250_s25_labs/src/realsense_gazebo_plugin'
[0.140s] INFO:colcon.colcon_core.shell:Skip shell extension 'powershell' for command environment: Not usable outside of PowerShell
[0.140s] DEBUG:colcon.colcon_core.shell:Skip shell extension 'dsv' for command environment
[0.140s] INFO:colcon.colcon_ros.task.catkin.build:Building ROS package in '/home/ethan/Documents/Github/comp0250/comp0250_s25_labs/src/rpl_panda_with_rs' with build type 'catkin'
[0.140s] INFO:colcon.colcon_cmake.task.cmake.build:Building CMake package in '/home/ethan/Documents/Github/comp0250/comp0250_s25_labs/src/rpl_panda_with_rs'
[0.141s] INFO:colcon.colcon_core.shell:Skip shell extension 'powershell' for command environment: Not usable outside of PowerShell
[0.141s] DEBUG:colcon.colcon_core.shell:Skip shell extension 'dsv' for command environment
[0.141s] INFO:colcon.colcon_ros.task.catkin.build:Building ROS package in '/home/ethan/Documents/Github/comp0250/comp0250_s25_labs/src/labs/sample' with build type 'catkin'
[0.141s] INFO:colcon.colcon_cmake.task.cmake.build:Building CMake package in '/home/ethan/Documents/Github/comp0250/comp0250_s25_labs/src/labs/sample'
[0.141s] INFO:colcon.colcon_core.shell:Skip shell extension 'powershell' for command environment: Not usable outside of PowerShell
[0.141s] DEBUG:colcon.colcon_core.shell:Skip shell extension 'dsv' for command environment
[0.142s] INFO:colcon.colcon_ros.task.catkin.build:Building ROS package in '/home/ethan/Documents/Github/comp0250/comp0250_s25_labs/src/labs/style_solution' with build type 'catkin'
[0.142s] INFO:colcon.colcon_cmake.task.cmake.build:Building CMake package in '/home/ethan/Documents/Github/comp0250/comp0250_s25_labs/src/labs/style_solution'
[0.142s] INFO:colcon.colcon_core.shell:Skip shell extension 'powershell' for command environment: Not usable outside of PowerShell
[0.142s] DEBUG:colcon.colcon_core.shell:Skip shell extension 'dsv' for command environment
[0.143s] INFO:colcon.colcon_ros.task.catkin.build:Building ROS package in '/home/ethan/Documents/Github/comp0250/comp0250_s25_labs/src/labs/style_tutorial' with build type 'catkin'
[0.143s] INFO:colcon.colcon_cmake.task.cmake.build:Building CMake package in '/home/ethan/Documents/Github/comp0250/comp0250_s25_labs/src/labs/style_tutorial'
[0.143s] INFO:colcon.colcon_core.shell:Skip shell extension 'powershell' for command environment: Not usable outside of PowerShell
[0.143s] DEBUG:colcon.colcon_core.shell:Skip shell extension 'dsv' for command environment
[0.147s] DEBUG:colcon.colcon_core.event_handler.log_command:Invoking command in '/home/ethan/Documents/Github/comp0250/comp0250_s25_labs/src/build/moveit_tutorial': /usr/bin/cmake /home/ethan/Documents/Github/comp0250/comp0250_s25_labs/src/labs/moveit_tutorial -DCATKIN_INSTALL_INTO_PREFIX_ROOT=0 -DCMAKE_INSTALL_PREFIX=/home/ethan/Documents/Github/comp0250/comp0250_s25_labs/src/install/moveit_tutorial
[0.148s] DEBUG:colcon.colcon_core.event_handler.log_command:Invoking command in '/home/ethan/Documents/Github/comp0250/comp0250_s25_labs/src/build/obj_rec_tutorial': /usr/bin/cmake /home/ethan/Documents/Github/comp0250/comp0250_s25_labs/src/labs/obj_rec_tutorial -DCATKIN_INSTALL_INTO_PREFIX_ROOT=0 -DCMAKE_INSTALL_PREFIX=/home/ethan/Documents/Github/comp0250/comp0250_s25_labs/src/install/obj_rec_tutorial
[0.149s] DEBUG:colcon.colcon_core.event_handler.log_command:Invoking command in '/home/ethan/Documents/Github/comp0250/comp0250_s25_labs/src/build/panda_description': /usr/bin/cmake /home/ethan/Documents/Github/comp0250/comp0250_s25_labs/src/panda_description -DCATKIN_INSTALL_INTO_PREFIX_ROOT=0 -DCMAKE_INSTALL_PREFIX=/home/ethan/Documents/Github/comp0250/comp0250_s25_labs/src/install/panda_description
[0.151s] DEBUG:colcon.colcon_core.event_handler.log_command:Invoking command in '/home/ethan/Documents/Github/comp0250/comp0250_s25_labs/src/build/panda_moveit_config': /usr/bin/cmake /home/ethan/Documents/Github/comp0250/comp0250_s25_labs/src/panda_moveit_config -DCATKIN_INSTALL_INTO_PREFIX_ROOT=0 -DCMAKE_INSTALL_PREFIX=/home/ethan/Documents/Github/comp0250/comp0250_s25_labs/src/install/panda_moveit_config
[0.151s] DEBUG:colcon.colcon_core.event_handler.log_command:Invoking command in '/home/ethan/Documents/Github/comp0250/comp0250_s25_labs/src/build/pcl_demo': /usr/bin/cmake /home/ethan/Documents/Github/comp0250/comp0250_s25_labs/src/labs/pcl_demo -DCATKIN_INSTALL_INTO_PREFIX_ROOT=0 -DCMAKE_INSTALL_PREFIX=/home/ethan/Documents/Github/comp0250/comp0250_s25_labs/src/install/pcl_demo
[0.153s] DEBUG:colcon.colcon_core.event_handler.log_command:Invoking command in '/home/ethan/Documents/Github/comp0250/comp0250_s25_labs/src/build/pcl_tutorial': /usr/bin/cmake /home/ethan/Documents/Github/comp0250/comp0250_s25_labs/src/labs/pcl_tutorial -DCATKIN_INSTALL_INTO_PREFIX_ROOT=0 -DCMAKE_INSTALL_PREFIX=/home/ethan/Documents/Github/comp0250/comp0250_s25_labs/src/install/pcl_tutorial
[0.155s] DEBUG:colcon.colcon_core.event_handler.log_command:Invoking command in '/home/ethan/Documents/Github/comp0250/comp0250_s25_labs/src/build/realsense_gazebo_plugin': /usr/bin/cmake /home/ethan/Documents/Github/comp0250/comp0250_s25_labs/src/realsense_gazebo_plugin -DCATKIN_INSTALL_INTO_PREFIX_ROOT=0 -DCMAKE_INSTALL_PREFIX=/home/ethan/Documents/Github/comp0250/comp0250_s25_labs/src/install/realsense_gazebo_plugin
[0.157s] DEBUG:colcon.colcon_core.event_handler.log_command:Invoking command in '/home/ethan/Documents/Github/comp0250/comp0250_s25_labs/src/build/rpl_panda_with_rs': /usr/bin/cmake /home/ethan/Documents/Github/comp0250/comp0250_s25_labs/src/rpl_panda_with_rs -DCATKIN_INSTALL_INTO_PREFIX_ROOT=0 -DCMAKE_INSTALL_PREFIX=/home/ethan/Documents/Github/comp0250/comp0250_s25_labs/src/install/rpl_panda_with_rs
[0.158s] DEBUG:colcon.colcon_core.event_handler.log_command:Invoking command in '/home/ethan/Documents/Github/comp0250/comp0250_s25_labs/src/build/sample': /usr/bin/cmake /home/ethan/Documents/Github/comp0250/comp0250_s25_labs/src/labs/sample -DCATKIN_INSTALL_INTO_PREFIX_ROOT=0 -DCMAKE_INSTALL_PREFIX=/home/ethan/Documents/Github/comp0250/comp0250_s25_labs/src/install/sample
[0.159s] DEBUG:colcon.colcon_core.event_handler.log_command:Invoking command in '/home/ethan/Documents/Github/comp0250/comp0250_s25_labs/src/build/style_solution': /usr/bin/cmake /home/ethan/Documents/Github/comp0250/comp0250_s25_labs/src/labs/style_solution -DCATKIN_INSTALL_INTO_PREFIX_ROOT=0 -DCMAKE_INSTALL_PREFIX=/home/ethan/Documents/Github/comp0250/comp0250_s25_labs/src/install/style_solution
[0.163s] DEBUG:colcon.colcon_core.event_handler.log_command:Invoking command in '/home/ethan/Documents/Github/comp0250/comp0250_s25_labs/src/build/style_tutorial': /usr/bin/cmake /home/ethan/Documents/Github/comp0250/comp0250_s25_labs/src/labs/style_tutorial -DCATKIN_INSTALL_INTO_PREFIX_ROOT=0 -DCMAKE_INSTALL_PREFIX=/home/ethan/Documents/Github/comp0250/comp0250_s25_labs/src/install/style_tutorial
[0.685s] DEBUG:colcon.colcon_core.event_handler.log_command:Invoked command in '/home/ethan/Documents/Github/comp0250/comp0250_s25_labs/src/build/rpl_panda_with_rs' returned '1': /usr/bin/cmake /home/ethan/Documents/Github/comp0250/comp0250_s25_labs/src/rpl_panda_with_rs -DCATKIN_INSTALL_INTO_PREFIX_ROOT=0 -DCMAKE_INSTALL_PREFIX=/home/ethan/Documents/Github/comp0250/comp0250_s25_labs/src/install/rpl_panda_with_rs
[0.695s] Level 1:colcon.colcon_core.environment:create_environment_scripts_only(rpl_panda_with_rs)
[0.698s] Level 1:colcon.colcon_core.environment:checking '/home/ethan/Documents/Github/comp0250/comp0250_s25_labs/src/install/rpl_panda_with_rs' for CMake module files
[0.698s] Level 1:colcon.colcon_core.environment:checking '/home/ethan/Documents/Github/comp0250/comp0250_s25_labs/src/install/rpl_panda_with_rs' for CMake config files
[0.699s] Level 1:colcon.colcon_core.environment:checking '/home/ethan/Documents/Github/comp0250/comp0250_s25_labs/src/install/rpl_panda_with_rs/bin'
[0.699s] Level 1:colcon.colcon_core.environment:checking '/home/ethan/Documents/Github/comp0250/comp0250_s25_labs/src/install/rpl_panda_with_rs/lib/pkgconfig/rpl_panda_with_rs.pc'
[0.700s] Level 1:colcon.colcon_core.environment:checking '/home/ethan/Documents/Github/comp0250/comp0250_s25_labs/src/install/rpl_panda_with_rs/lib/python3.10/site-packages'
[0.700s] Level 1:colcon.colcon_core.environment:checking '/home/ethan/Documents/Github/comp0250/comp0250_s25_labs/src/install/rpl_panda_with_rs/bin'
[0.700s] INFO:colcon.colcon_core.shell:Creating package script '/home/ethan/Documents/Github/comp0250/comp0250_s25_labs/src/install/rpl_panda_with_rs/share/rpl_panda_with_rs/package.ps1'
[0.710s] INFO:colcon.colcon_core.shell:Creating package descriptor '/home/ethan/Documents/Github/comp0250/comp0250_s25_labs/src/install/rpl_panda_with_rs/share/rpl_panda_with_rs/package.dsv'
[0.712s] INFO:colcon.colcon_core.shell:Creating package script '/home/ethan/Documents/Github/comp0250/comp0250_s25_labs/src/install/rpl_panda_with_rs/share/rpl_panda_with_rs/package.sh'
[0.714s] INFO:colcon.colcon_core.shell:Creating package script '/home/ethan/Documents/Github/comp0250/comp0250_s25_labs/src/install/rpl_panda_with_rs/share/rpl_panda_with_rs/package.bash'
[0.715s] INFO:colcon.colcon_core.shell:Creating package script '/home/ethan/Documents/Github/comp0250/comp0250_s25_labs/src/install/rpl_panda_with_rs/share/rpl_panda_with_rs/package.zsh'
[0.715s] Level 1:colcon.colcon_core.environment:create_file_with_runtime_dependencies(/home/ethan/Documents/Github/comp0250/comp0250_s25_labs/src/install/rpl_panda_with_rs/share/colcon-core/packages/rpl_panda_with_rs)
[0.796s] DEBUG:colcon.colcon_parallel_executor.executor.parallel:closing loop
[0.796s] DEBUG:colcon.colcon_parallel_executor.executor.parallel:loop closed
[0.796s] DEBUG:colcon.colcon_parallel_executor.executor.parallel:run_until_complete finished with '1'
[0.796s] DEBUG:colcon.colcon_core.event_reactor:joining thread
[0.805s] INFO:colcon.colcon_core.plugin_system:Skipping extension 'colcon_notification.desktop_notification.terminal_notifier': Not used on non-Darwin systems
[0.805s] INFO:colcon.colcon_core.plugin_system:Skipping extension 'colcon_notification.desktop_notification.win32': Not used on non-Windows systems
[0.805s] INFO:colcon.colcon_notification.desktop_notification:Sending desktop notification using 'notify2'
[0.825s] DEBUG:colcon.colcon_core.event_reactor:joined thread
[0.825s] INFO:colcon.colcon_core.shell:Creating prefix script '/home/ethan/Documents/Github/comp0250/comp0250_s25_labs/src/install/local_setup.ps1'
[0.826s] INFO:colcon.colcon_core.shell:Creating prefix util module '/home/ethan/Documents/Github/comp0250/comp0250_s25_labs/src/install/_local_setup_util_ps1.py'
[0.827s] INFO:colcon.colcon_core.shell:Creating prefix chain script '/home/ethan/Documents/Github/comp0250/comp0250_s25_labs/src/install/setup.ps1'
[0.828s] INFO:colcon.colcon_core.shell:Creating prefix script '/home/ethan/Documents/Github/comp0250/comp0250_s25_labs/src/install/local_setup.sh'
[0.828s] INFO:colcon.colcon_core.shell:Creating prefix util module '/home/ethan/Documents/Github/comp0250/comp0250_s25_labs/src/install/_local_setup_util_sh.py'
[0.828s] INFO:colcon.colcon_core.shell:Creating prefix chain script '/home/ethan/Documents/Github/comp0250/comp0250_s25_labs/src/install/setup.sh'
[0.829s] INFO:colcon.colcon_core.shell:Creating prefix script '/home/ethan/Documents/Github/comp0250/comp0250_s25_labs/src/install/local_setup.bash'
[0.829s] INFO:colcon.colcon_core.shell:Creating prefix chain script '/home/ethan/Documents/Github/comp0250/comp0250_s25_labs/src/install/setup.bash'
[0.829s] INFO:colcon.colcon_core.shell:Creating prefix script '/home/ethan/Documents/Github/comp0250/comp0250_s25_labs/src/install/local_setup.zsh'
[0.830s] INFO:colcon.colcon_core.shell:Creating prefix chain script '/home/ethan/Documents/Github/comp0250/comp0250_s25_labs/src/install/setup.zsh'
