[0.022s] Invoking command in '/home/ethan/Documents/Github/comp0250/comp0250_s25_labs/build/rpl_panda_with_rs': /usr/bin/cmake /home/ethan/Documents/Github/comp0250/comp0250_s25_labs/src/rpl_panda_with_rs -DCATKIN_INSTALL_INTO_PREFIX_ROOT=0 -DCMAKE_INSTALL_PREFIX=/home/ethan/Documents/Github/comp0250/comp0250_s25_labs/install/rpl_panda_with_rs
[0.049s] [0mCMake Deprecation Warning at CMakeLists.txt:1 (cmake_minimum_required):
[0.050s]   Compatibility with CMake < 2.8.12 will be removed from a future version of
[0.050s]   CMake.
[0.050s] 
[0.050s]   Update the VERSION argument <min> value or use a ...<max> suffix to tell
[0.050s]   CMake that the project does not need compatibility with older versions.
[0.050s] 
[0.050s] [0m
[0.069s] -- The C compiler identification is GNU 11.4.0
[0.117s] -- The CXX compiler identification is GNU 11.4.0
[0.123s] -- Detecting C compiler ABI info
[0.167s] -- Detecting C compiler ABI info - done
[0.172s] -- Check for working C compiler: /usr/bin/cc - skipped
[0.172s] -- Detecting C compile features
[0.172s] -- Detecting C compile features - done
[0.174s] -- Detecting CXX compiler ABI info
[0.226s] -- Detecting CXX compiler ABI info - done
[0.231s] -- Check for working CXX compiler: /usr/bin/c++ - skipped
[0.231s] -- Detecting CXX compile features
[0.231s] -- Detecting CXX compile features - done
[0.238s] [31mCMake Error at CMakeLists.txt:10 (find_package):
[0.238s]   By not providing "Findcatkin.cmake" in CMAKE_MODULE_PATH this project has
[0.238s]   asked CMake to find a package configuration file provided by "catkin", but
[0.238s]   CMake did not find one.
[0.239s] 
[0.239s]   Could not find a package configuration file provided by "catkin" with any
[0.239s]   of the following names:
[0.239s] 
[0.239s]     catkinConfig.cmake
[0.239s]     catkin-config.cmake
[0.239s] 
[0.239s]   Add the installation prefix of "catkin" to CMAKE_PREFIX_PATH or set
[0.239s]   "catkin_DIR" to a directory containing one of the above files.  If "catkin"
[0.239s]   provides a separate development package or SDK, be sure it has been
[0.239s]   installed.
[0.239s] 
[0.239s] [0m
[0.239s] -- Configuring incomplete, errors occurred!
[0.240s] See also "/home/ethan/Documents/Github/comp0250/comp0250_s25_labs/build/rpl_panda_with_rs/CMakeFiles/CMakeOutput.log".
