[0.012s] Invoking command in '/home/ethan/Documents/Github/comp0250/comp0250_s25_labs/build/panda_description': /usr/bin/cmake /home/ethan/Documents/Github/comp0250/comp0250_s25_labs/src/panda_description -DCATKIN_INSTALL_INTO_PREFIX_ROOT=0 -DCMAKE_INSTALL_PREFIX=/home/ethan/Documents/Github/comp0250/comp0250_s25_labs/install/panda_description
[0.034s] [31mCMake Error at CMakeLists.txt:4 (find_package):
[0.034s]   By not providing "Findcatkin.cmake" in CMAKE_MODULE_PATH this project has
[0.034s]   asked CMake to find a package configuration file provided by "catkin", but
[0.034s]   CMake did not find one.
[0.034s] 
[0.034s]   Could not find a package configuration file provided by "catkin" with any
[0.034s]   of the following names:
[0.035s] 
[0.035s]     catkinConfig.cmake
[0.035s]     catkin-config.cmake
[0.036s] 
[0.036s]   Add the installation prefix of "catkin" to CMAKE_PREFIX_PATH or set
[0.036s]   "catkin_DIR" to a directory containing one of the above files.  If "catkin"
[0.036s]   provides a separate development package or SDK, be sure it has been
[0.036s]   installed.
[0.036s] 
[0.037s] [0m
[0.038s] -- Configuring incomplete, errors occurred!
[0.038s] See also "/home/ethan/Documents/Github/comp0250/comp0250_s25_labs/build/panda_description/CMakeFiles/CMakeOutput.log".
[0.051s] Invoked command in '/home/ethan/Documents/Github/comp0250/comp0250_s25_labs/build/panda_description' returned '1': /usr/bin/cmake /home/ethan/Documents/Github/comp0250/comp0250_s25_labs/src/panda_description -DCATKIN_INSTALL_INTO_PREFIX_ROOT=0 -DCMAKE_INSTALL_PREFIX=/home/ethan/Documents/Github/comp0250/comp0250_s25_labs/install/panda_description
