[0.162s] Invoking command in '/home/ethan/Documents/Github/comp0250/comp0250_s25_labs/build/sample': /usr/bin/cmake /home/ethan/Documents/Github/comp0250/comp0250_s25_labs/src/labs/sample -DCATKIN_INSTALL_INTO_PREFIX_ROOT=0 -DCMAKE_INSTALL_PREFIX=/home/ethan/Documents/Github/comp0250/comp0250_s25_labs/install/sample
[0.182s] -- Configuring incomplete, errors occurred!
[0.182s] See also "/home/ethan/Documents/Github/comp0250/comp0250_s25_labs/build/sample/CMakeFiles/CMakeOutput.log".
[0.182s] [0mCMake Deprecation Warning at CMakeLists.txt:3 (cmake_minimum_required):
[0.182s]   Compatibility with CMake < 2.8.12 will be removed from a future version of
[0.182s]   CMake.
[0.182s] 
[0.182s]   Update the VERSION argument <min> value or use a ...<max> suffix to tell
[0.182s]   CMake that the project does not need compatibility with older versions.
[0.182s] 
[0.182s] [0m
[0.182s] [31mCMake Error at CMakeLists.txt:10 (find_package):
[0.182s]   By not providing "Findcatkin.cmake" in CMAKE_MODULE_PATH this project has
[0.182s]   asked CMake to find a package configuration file provided by "catkin", but
[0.182s]   CMake did not find one.
[0.182s] 
[0.182s]   Could not find a package configuration file provided by "catkin" with any
[0.182s]   of the following names:
[0.182s] 
[0.182s]     catkinConfig.cmake
[0.182s]     catkin-config.cmake
[0.182s] 
[0.182s]   Add the installation prefix of "catkin" to CMAKE_PREFIX_PATH or set
[0.182s]   "catkin_DIR" to a directory containing one of the above files.  If "catkin"
[0.182s]   provides a separate development package or SDK, be sure it has been
[0.182s]   installed.
[0.182s] 
[0.182s] [0m
[0.190s] Invoked command in '/home/ethan/Documents/Github/comp0250/comp0250_s25_labs/build/sample' returned '1': /usr/bin/cmake /home/ethan/Documents/Github/comp0250/comp0250_s25_labs/src/labs/sample -DCATKIN_INSTALL_INTO_PREFIX_ROOT=0 -DCMAKE_INSTALL_PREFIX=/home/ethan/Documents/Github/comp0250/comp0250_s25_labs/install/sample
