[0.051s] DEBUG:colcon:Command line arguments: ['/usr/bin/colcon', 'build']
[0.051s] DEBUG:colcon:Parsed command line arguments: Namespace(log_base=None, log_level=None, verb_name='build', build_base='build', install_base='install', merge_install=False, symlink_install=False, test_result_base=None, continue_on_error=False, executor='parallel', parallel_workers=32, event_handlers=None, ignore_user_meta=False, metas=['./colcon.meta'], base_paths=['.'], packages_ignore=None, packages_ignore_regex=None, paths=None, packages_up_to=None, packages_up_to_regex=None, packages_above=None, packages_above_and_dependencies=None, packages_above_depth=None, packages_select_by_dep=None, packages_skip_by_dep=None, packages_skip_up_to=None, packages_select_build_failed=False, packages_skip_build_finished=False, packages_select_test_failures=False, packages_skip_test_passed=False, packages_select=None, packages_skip=None, packages_select_regex=None, packages_skip_regex=None, packages_start=None, packages_end=None, allow_overriding=[], cmake_args=None, cmake_target=None, cmake_target_skip_unavailable=False, cmake_clean_cache=False, cmake_clean_first=False, cmake_force_configure=False, ament_cmake_args=None, catkin_cmake_args=None, catkin_skip_building_tests=False, verb_parser=<colcon_defaults.argument_parser.defaults.DefaultArgumentsDecorator object at 0x71984411a500>, verb_extension=<colcon_core.verb.build.BuildVerb object at 0x71984422f8e0>, main=<bound method BuildVerb.main of <colcon_core.verb.build.BuildVerb object at 0x71984422f8e0>>)
[0.122s] Level 1:colcon.colcon_core.package_discovery:discover_packages(colcon_meta) check parameters
[0.122s] Level 1:colcon.colcon_core.package_discovery:discover_packages(recursive) check parameters
[0.122s] Level 1:colcon.colcon_core.package_discovery:discover_packages(ignore) check parameters
[0.122s] Level 1:colcon.colcon_core.package_discovery:discover_packages(path) check parameters
[0.122s] Level 1:colcon.colcon_core.package_discovery:discover_packages(colcon_meta) discover
[0.123s] Level 1:colcon.colcon_core.package_discovery:discover_packages(recursive) discover
[0.123s] INFO:colcon.colcon_core.package_discovery:Crawling recursively for packages in '/home/ethan/Documents/Github/comp0250/comp0250_s25_labs/src/labs/moveit_tutorial'
[0.123s] Level 1:colcon.colcon_core.package_identification:_identify(.) by extensions ['ignore', 'ignore_ament_install']
[0.123s] Level 1:colcon.colcon_core.package_identification:_identify(.) by extension 'ignore'
[0.123s] Level 1:colcon.colcon_core.package_identification:_identify(.) by extension 'ignore_ament_install'
[0.123s] Level 1:colcon.colcon_core.package_identification:_identify(.) by extensions ['colcon_pkg']
[0.123s] Level 1:colcon.colcon_core.package_identification:_identify(.) by extension 'colcon_pkg'
[0.123s] Level 1:colcon.colcon_core.package_identification:_identify(.) by extensions ['colcon_meta']
[0.123s] Level 1:colcon.colcon_core.package_identification:_identify(.) by extension 'colcon_meta'
[0.123s] Level 1:colcon.colcon_core.package_identification:_identify(.) by extensions ['ros']
[0.123s] Level 1:colcon.colcon_core.package_identification:_identify(.) by extension 'ros'
[0.130s] DEBUG:colcon.colcon_core.package_identification:Package '.' with type 'ros.catkin' and name 'moveit_tutorial'
[0.130s] Level 1:colcon.colcon_core.package_discovery:discover_packages(recursive) using defaults
[0.130s] Level 1:colcon.colcon_core.package_discovery:discover_packages(ignore) discover
[0.130s] Level 1:colcon.colcon_core.package_discovery:discover_packages(ignore) using defaults
[0.130s] Level 1:colcon.colcon_core.package_discovery:discover_packages(path) discover
[0.130s] Level 1:colcon.colcon_core.package_discovery:discover_packages(path) using defaults
[0.140s] Level 1:colcon.colcon_core.package_discovery:discover_packages(prefix_path) check parameters
[0.140s] Level 1:colcon.colcon_core.package_discovery:discover_packages(prefix_path) discover
[0.141s] DEBUG:colcon.colcon_installed_package_information.package_discovery:Found 271 installed packages in /opt/ros/humble
[0.142s] Level 1:colcon.colcon_core.package_discovery:discover_packages(prefix_path) using defaults
[0.164s] Level 5:colcon.colcon_core.verb:set package 'moveit_tutorial' build argument 'cmake_args' from command line to 'None'
[0.164s] Level 5:colcon.colcon_core.verb:set package 'moveit_tutorial' build argument 'cmake_target' from command line to 'None'
[0.164s] Level 5:colcon.colcon_core.verb:set package 'moveit_tutorial' build argument 'cmake_target_skip_unavailable' from command line to 'False'
[0.164s] Level 5:colcon.colcon_core.verb:set package 'moveit_tutorial' build argument 'cmake_clean_cache' from command line to 'False'
[0.164s] Level 5:colcon.colcon_core.verb:set package 'moveit_tutorial' build argument 'cmake_clean_first' from command line to 'False'
[0.164s] Level 5:colcon.colcon_core.verb:set package 'moveit_tutorial' build argument 'cmake_force_configure' from command line to 'False'
[0.164s] Level 5:colcon.colcon_core.verb:set package 'moveit_tutorial' build argument 'ament_cmake_args' from command line to 'None'
[0.164s] Level 5:colcon.colcon_core.verb:set package 'moveit_tutorial' build argument 'catkin_cmake_args' from command line to 'None'
[0.164s] Level 5:colcon.colcon_core.verb:set package 'moveit_tutorial' build argument 'catkin_skip_building_tests' from command line to 'False'
[0.164s] DEBUG:colcon.colcon_core.verb:Building package 'moveit_tutorial' with the following arguments: {'ament_cmake_args': None, 'build_base': '/home/ethan/Documents/Github/comp0250/comp0250_s25_labs/src/labs/moveit_tutorial/build/moveit_tutorial', 'catkin_cmake_args': None, 'catkin_skip_building_tests': False, 'cmake_args': None, 'cmake_clean_cache': False, 'cmake_clean_first': False, 'cmake_force_configure': False, 'cmake_target': None, 'cmake_target_skip_unavailable': False, 'install_base': '/home/ethan/Documents/Github/comp0250/comp0250_s25_labs/src/labs/moveit_tutorial/install/moveit_tutorial', 'merge_install': False, 'path': '/home/ethan/Documents/Github/comp0250/comp0250_s25_labs/src/labs/moveit_tutorial', 'symlink_install': False, 'test_result_base': None}
[0.164s] INFO:colcon.colcon_core.executor:Executing jobs using 'parallel' executor
[0.165s] DEBUG:colcon.colcon_parallel_executor.executor.parallel:run_until_complete
[0.165s] INFO:colcon.colcon_ros.task.catkin.build:Building ROS package in '/home/ethan/Documents/Github/comp0250/comp0250_s25_labs/src/labs/moveit_tutorial' with build type 'catkin'
[0.165s] INFO:colcon.colcon_cmake.task.cmake.build:Building CMake package in '/home/ethan/Documents/Github/comp0250/comp0250_s25_labs/src/labs/moveit_tutorial'
[0.166s] INFO:colcon.colcon_core.plugin_system:Skipping extension 'colcon_core.shell.bat': Not used on non-Windows systems
[0.166s] INFO:colcon.colcon_core.shell:Skip shell extension 'powershell' for command environment: Not usable outside of PowerShell
[0.166s] DEBUG:colcon.colcon_core.shell:Skip shell extension 'dsv' for command environment
[0.170s] DEBUG:colcon.colcon_core.event_handler.log_command:Invoking command in '/home/ethan/Documents/Github/comp0250/comp0250_s25_labs/src/labs/moveit_tutorial/build/moveit_tutorial': /usr/bin/cmake /home/ethan/Documents/Github/comp0250/comp0250_s25_labs/src/labs/moveit_tutorial -DCATKIN_INSTALL_INTO_PREFIX_ROOT=0 -DCMAKE_INSTALL_PREFIX=/home/ethan/Documents/Github/comp0250/comp0250_s25_labs/src/labs/moveit_tutorial/install/moveit_tutorial
[0.596s] DEBUG:colcon.colcon_core.event_handler.log_command:Invoked command in '/home/ethan/Documents/Github/comp0250/comp0250_s25_labs/src/labs/moveit_tutorial/build/moveit_tutorial' returned '1': /usr/bin/cmake /home/ethan/Documents/Github/comp0250/comp0250_s25_labs/src/labs/moveit_tutorial -DCATKIN_INSTALL_INTO_PREFIX_ROOT=0 -DCMAKE_INSTALL_PREFIX=/home/ethan/Documents/Github/comp0250/comp0250_s25_labs/src/labs/moveit_tutorial/install/moveit_tutorial
[0.602s] Level 1:colcon.colcon_core.environment:create_environment_scripts_only(moveit_tutorial)
[0.603s] Level 1:colcon.colcon_core.environment:checking '/home/ethan/Documents/Github/comp0250/comp0250_s25_labs/src/labs/moveit_tutorial/install/moveit_tutorial' for CMake module files
[0.603s] Level 1:colcon.colcon_core.environment:checking '/home/ethan/Documents/Github/comp0250/comp0250_s25_labs/src/labs/moveit_tutorial/install/moveit_tutorial' for CMake config files
[0.603s] Level 1:colcon.colcon_core.environment:checking '/home/ethan/Documents/Github/comp0250/comp0250_s25_labs/src/labs/moveit_tutorial/install/moveit_tutorial/bin'
[0.603s] Level 1:colcon.colcon_core.environment:checking '/home/ethan/Documents/Github/comp0250/comp0250_s25_labs/src/labs/moveit_tutorial/install/moveit_tutorial/lib/pkgconfig/moveit_tutorial.pc'
[0.603s] Level 1:colcon.colcon_core.environment:checking '/home/ethan/Documents/Github/comp0250/comp0250_s25_labs/src/labs/moveit_tutorial/install/moveit_tutorial/lib/python3.10/site-packages'
[0.603s] Level 1:colcon.colcon_core.environment:checking '/home/ethan/Documents/Github/comp0250/comp0250_s25_labs/src/labs/moveit_tutorial/install/moveit_tutorial/bin'
[0.604s] INFO:colcon.colcon_core.shell:Creating package script '/home/ethan/Documents/Github/comp0250/comp0250_s25_labs/src/labs/moveit_tutorial/install/moveit_tutorial/share/moveit_tutorial/package.ps1'
[0.604s] INFO:colcon.colcon_core.shell:Creating package descriptor '/home/ethan/Documents/Github/comp0250/comp0250_s25_labs/src/labs/moveit_tutorial/install/moveit_tutorial/share/moveit_tutorial/package.dsv'
[0.604s] INFO:colcon.colcon_core.shell:Creating package script '/home/ethan/Documents/Github/comp0250/comp0250_s25_labs/src/labs/moveit_tutorial/install/moveit_tutorial/share/moveit_tutorial/package.sh'
[0.605s] INFO:colcon.colcon_core.shell:Creating package script '/home/ethan/Documents/Github/comp0250/comp0250_s25_labs/src/labs/moveit_tutorial/install/moveit_tutorial/share/moveit_tutorial/package.bash'
[0.605s] INFO:colcon.colcon_core.shell:Creating package script '/home/ethan/Documents/Github/comp0250/comp0250_s25_labs/src/labs/moveit_tutorial/install/moveit_tutorial/share/moveit_tutorial/package.zsh'
[0.605s] Level 1:colcon.colcon_core.environment:create_file_with_runtime_dependencies(/home/ethan/Documents/Github/comp0250/comp0250_s25_labs/src/labs/moveit_tutorial/install/moveit_tutorial/share/colcon-core/packages/moveit_tutorial)
[0.616s] DEBUG:colcon.colcon_parallel_executor.executor.parallel:closing loop
[0.616s] DEBUG:colcon.colcon_parallel_executor.executor.parallel:loop closed
[0.616s] DEBUG:colcon.colcon_parallel_executor.executor.parallel:run_until_complete finished with '1'
[0.616s] DEBUG:colcon.colcon_core.event_reactor:joining thread
[0.623s] INFO:colcon.colcon_core.plugin_system:Skipping extension 'colcon_notification.desktop_notification.terminal_notifier': Not used on non-Darwin systems
[0.623s] INFO:colcon.colcon_core.plugin_system:Skipping extension 'colcon_notification.desktop_notification.win32': Not used on non-Windows systems
[0.624s] INFO:colcon.colcon_notification.desktop_notification:Sending desktop notification using 'notify2'
[0.627s] DEBUG:colcon.colcon_notification.desktop_notification.notify2:Failed to initialize notify2: org.freedesktop.DBus.Error.Spawn.ExecFailed: /usr/bin/dbus-launch terminated abnormally without any error message
[0.627s] DEBUG:colcon.colcon_core.event_reactor:joined thread
[0.628s] INFO:colcon.colcon_core.shell:Creating prefix script '/home/ethan/Documents/Github/comp0250/comp0250_s25_labs/src/labs/moveit_tutorial/install/local_setup.ps1'
[0.630s] INFO:colcon.colcon_core.shell:Creating prefix util module '/home/ethan/Documents/Github/comp0250/comp0250_s25_labs/src/labs/moveit_tutorial/install/_local_setup_util_ps1.py'
[0.632s] INFO:colcon.colcon_core.shell:Creating prefix chain script '/home/ethan/Documents/Github/comp0250/comp0250_s25_labs/src/labs/moveit_tutorial/install/setup.ps1'
[0.633s] INFO:colcon.colcon_core.shell:Creating prefix script '/home/ethan/Documents/Github/comp0250/comp0250_s25_labs/src/labs/moveit_tutorial/install/local_setup.sh'
[0.633s] INFO:colcon.colcon_core.shell:Creating prefix util module '/home/ethan/Documents/Github/comp0250/comp0250_s25_labs/src/labs/moveit_tutorial/install/_local_setup_util_sh.py'
[0.634s] INFO:colcon.colcon_core.shell:Creating prefix chain script '/home/ethan/Documents/Github/comp0250/comp0250_s25_labs/src/labs/moveit_tutorial/install/setup.sh'
[0.635s] INFO:colcon.colcon_core.shell:Creating prefix script '/home/ethan/Documents/Github/comp0250/comp0250_s25_labs/src/labs/moveit_tutorial/install/local_setup.bash'
[0.635s] INFO:colcon.colcon_core.shell:Creating prefix chain script '/home/ethan/Documents/Github/comp0250/comp0250_s25_labs/src/labs/moveit_tutorial/install/setup.bash'
[0.636s] INFO:colcon.colcon_core.shell:Creating prefix script '/home/ethan/Documents/Github/comp0250/comp0250_s25_labs/src/labs/moveit_tutorial/install/local_setup.zsh'
[0.637s] INFO:colcon.colcon_core.shell:Creating prefix chain script '/home/ethan/Documents/Github/comp0250/comp0250_s25_labs/src/labs/moveit_tutorial/install/setup.zsh'
