[0.010s] Invoking command in '/home/ethan/Documents/Github/comp0250/comp0250_s25_labs/build/panda_description': /usr/bin/cmake /home/ethan/Documents/Github/comp0250/comp0250_s25_labs/src/panda_description -DCATKIN_INSTALL_INTO_PREFIX_ROOT=0 -DCMAKE_INSTALL_PREFIX=/home/ethan/Documents/Github/comp0250/comp0250_s25_labs/install/panda_description
[0.053s] -- The C compiler identification is GNU 11.4.0
[0.089s] -- The CXX compiler identification is GNU 11.4.0
[0.096s] -- Detecting C compiler ABI info
[0.146s] -- Detecting C compiler ABI info - done
[0.153s] -- Check for working C compiler: /usr/bin/cc - skipped
[0.153s] -- Detecting C compile features
[0.153s] -- Detecting C compile features - done
[0.155s] -- Detecting CXX compiler ABI info
[0.214s] -- Detecting CXX compiler ABI info - done
[0.222s] -- Check for working CXX compiler: /usr/bin/c++ - skipped
[0.222s] -- Detecting CXX compile features
[0.222s] -- Detecting CXX compile features - done
[0.225s] -- Using CATKIN_DEVEL_PREFIX: /home/ethan/Documents/Github/comp0250/comp0250_s25_labs/build/panda_description/devel
[0.225s] -- Using CMAKE_PREFIX_PATH: 
[0.237s] -- Found PythonInterp: /usr/bin/python3 (found suitable version "3.10.12", minimum required is "3") 
[0.237s] -- Using PYTHON_EXECUTABLE: /usr/bin/python3
[0.237s] -- Using Debian Python package layout
[0.237s] -- Using empy: /usr/bin/empy
[0.317s] -- Using CATKIN_ENABLE_TESTING: ON
[0.317s] -- Call enable_testing()
[0.318s] -- Using CATKIN_TEST_RESULTS_DIR: /home/ethan/Documents/Github/comp0250/comp0250_s25_labs/build/panda_description/test_results
[0.331s] -- GTest is not available. Please install libgtest-dev to enable tests involving GTest.
[0.331s] -- GMock is not available. Please install libgmock-dev to enable tests involving GMock.
[0.332s] -- nosetests not found, Python tests can not be run (try installing package 'python3-nose')
[0.333s] -- Looking for pthread.h
[0.381s] -- Looking for pthread.h - found
[0.381s] -- Performing Test CMAKE_HAVE_LIBC_PTHREAD
[0.436s] -- Performing Test CMAKE_HAVE_LIBC_PTHREAD - Success
[0.437s] -- Found Threads: TRUE  
[0.470s] -- catkin 0.8.10
[0.470s] -- BUILD_SHARED_LIBS is on
[0.652s] -- Configuring done
[0.653s] -- Generating done
[0.654s] -- Build files have been written to: /home/ethan/Documents/Github/comp0250/comp0250_s25_labs/build/panda_description
