[0.013s] Invoking command in '/home/ethan/Documents/Github/comp0250/comp0250_s25_labs/build/moveit_tutorial': /usr/bin/cmake /home/ethan/Documents/Github/comp0250/comp0250_s25_labs/src/labs/moveit_tutorial -DCATKIN_INSTALL_INTO_PREFIX_ROOT=0 -DCMAKE_INSTALL_PREFIX=/home/ethan/Documents/Github/comp0250/comp0250_s25_labs/install/moveit_tutorial
[0.196s] -- The C compiler identification is GNU 11.4.0
[0.243s] -- The CXX compiler identification is GNU 11.4.0
[0.252s] -- Detecting C compiler ABI info
[0.301s] -- Detecting C compiler ABI info - done
[0.306s] -- Check for working C compiler: /usr/bin/cc - skipped
[0.306s] -- Detecting C compile features
[0.306s] -- Detecting C compile features - done
[0.309s] -- Detecting CXX compiler ABI info
[0.358s] -- Detecting CXX compiler ABI info - done
[0.366s] -- Check for working CXX compiler: /usr/bin/c++ - skipped
[0.367s] -- Detecting CXX compile features
[0.367s] -- Detecting CXX compile features - done
[0.373s] [31mCMake Error at CMakeLists.txt:10 (find_package):
[0.374s]   By not providing "Findcatkin.cmake" in CMAKE_MODULE_PATH this project has
[0.374s]   asked CMake to find a package configuration file provided by "catkin", but
[0.374s]   CMake did not find one.
[0.374s] 
[0.374s]   Could not find a package configuration file provided by "catkin" with any
[0.374s]   of the following names:
[0.374s] 
[0.374s]     catkinConfig.cmake
[0.374s]     catkin-config.cmake
[0.374s] 
[0.374s]   Add the installation prefix of "catkin" to CMAKE_PREFIX_PATH or set
[0.374s]   "catkin_DIR" to a directory containing one of the above files.  If "catkin"
[0.374s]   provides a separate development package or SDK, be sure it has been
[0.374s]   installed.
[0.374s] 
[0.374s] [0m
[0.375s] -- Configuring incomplete, errors occurred!
[0.375s] See also "/home/ethan/Documents/Github/comp0250/comp0250_s25_labs/build/moveit_tutorial/CMakeFiles/CMakeOutput.log".
[0.380s] Invoked command in '/home/ethan/Documents/Github/comp0250/comp0250_s25_labs/build/moveit_tutorial' returned '1': /usr/bin/cmake /home/ethan/Documents/Github/comp0250/comp0250_s25_labs/src/labs/moveit_tutorial -DCATKIN_INSTALL_INTO_PREFIX_ROOT=0 -DCMAKE_INSTALL_PREFIX=/home/ethan/Documents/Github/comp0250/comp0250_s25_labs/install/moveit_tutorial
