[0.015s] Invoking command in '/home/ethan/Documents/Github/comp0250/comp0250_s25_labs/build/panda_description': /usr/bin/cmake /home/ethan/Documents/Github/comp0250/comp0250_s25_labs/src/panda_description -DCATKIN_INSTALL_INTO_PREFIX_ROOT=0 -DCMAKE_INSTALL_PREFIX=/home/ethan/Documents/Github/comp0250/comp0250_s25_labs/install/panda_description
[0.056s] -- The C compiler identification is GNU 11.4.0
[0.093s] -- The CXX compiler identification is GNU 11.4.0
[0.097s] -- Detecting C compiler ABI info
[0.143s] -- Detecting C compiler ABI info - done
[0.149s] -- Check for working C compiler: /usr/bin/cc - skipped
[0.149s] -- Detecting C compile features
[0.150s] -- Detecting C compile features - done
[0.152s] -- Detecting CXX compiler ABI info
[0.202s] -- Detecting CXX compiler ABI info - done
[0.209s] -- Check for working CXX compiler: /usr/bin/c++ - skipped
[0.209s] -- Detecting CXX compile features
[0.209s] -- Detecting CXX compile features - done
[0.217s] [31mCMake Error at CMakeLists.txt:4 (find_package):
[0.217s]   By not providing "Findcatkin.cmake" in CMAKE_MODULE_PATH this project has
[0.217s]   asked CMake to find a package configuration file provided by "catkin", but
[0.217s]   CMake did not find one.
[0.217s] 
[0.217s]   Could not find a package configuration file provided by "catkin" with any
[0.217s]   of the following names:
[0.217s] 
[0.217s]     catkinConfig.cmake
[0.217s]     catkin-config.cmake
[0.217s] 
[0.217s]   Add the installation prefix of "catkin" to CMAKE_PREFIX_PATH or set
[0.218s]   "catkin_DIR" to a directory containing one of the above files.  If "catkin"
[0.218s]   provides a separate development package or SDK, be sure it has been
[0.218s]   installed.
[0.218s] 
[0.218s] [0m
[0.218s] -- Configuring incomplete, errors occurred!
[0.218s] See also "/home/ethan/Documents/Github/comp0250/comp0250_s25_labs/build/panda_description/CMakeFiles/CMakeOutput.log".
[0.221s] Invoked command in '/home/ethan/Documents/Github/comp0250/comp0250_s25_labs/build/panda_description' returned '1': /usr/bin/cmake /home/ethan/Documents/Github/comp0250/comp0250_s25_labs/src/panda_description -DCATKIN_INSTALL_INTO_PREFIX_ROOT=0 -DCMAKE_INSTALL_PREFIX=/home/ethan/Documents/Github/comp0250/comp0250_s25_labs/install/panda_description
