[0.011s] Invoking command in '/home/ethan/Documents/Github/comp0250/comp0250_s25_labs/build/panda_description': /usr/bin/cmake /home/ethan/Documents/Github/comp0250/comp0250_s25_labs/src/panda_description -DCATKIN_INSTALL_INTO_PREFIX_ROOT=0 -DCMAKE_INSTALL_PREFIX=/home/ethan/Documents/Github/comp0250/comp0250_s25_labs/install/panda_description
[0.191s] -- The C compiler identification is GNU 11.4.0
[0.241s] -- The CXX compiler identification is GNU 11.4.0
[0.247s] -- Detecting C compiler ABI info
[0.289s] -- Detecting C compiler ABI info - done
[0.296s] -- Check for working C compiler: /usr/bin/cc - skipped
[0.296s] -- Detecting C compile features
[0.297s] -- Detecting C compile features - done
[0.299s] -- Detecting CXX compiler ABI info
[0.356s] -- Detecting CXX compiler ABI info - done
[0.361s] -- Check for working CXX compiler: /usr/bin/c++ - skipped
[0.361s] -- Detecting CXX compile features
[0.361s] -- Detecting CXX compile features - done
[0.365s] -- Configuring incomplete, errors occurred!
[0.365s] See also "/home/ethan/Documents/Github/comp0250/comp0250_s25_labs/build/panda_description/CMakeFiles/CMakeOutput.log".
[0.365s] [31mCMake Error at CMakeLists.txt:4 (find_package):
[0.365s]   By not providing "Findcatkin.cmake" in CMAKE_MODULE_PATH this project has
[0.365s]   asked CMake to find a package configuration file provided by "catkin", but
[0.365s]   CMake did not find one.
[0.365s] 
[0.366s]   Could not find a package configuration file provided by "catkin" with any
[0.366s]   of the following names:
[0.366s] 
[0.366s]     catkinConfig.cmake
[0.366s]     catkin-config.cmake
[0.366s] 
[0.366s]   Add the installation prefix of "catkin" to CMAKE_PREFIX_PATH or set
[0.366s]   "catkin_DIR" to a directory containing one of the above files.  If "catkin"
[0.366s]   provides a separate development package or SDK, be sure it has been
[0.366s]   installed.
[0.367s] 
[0.367s] [0m
[0.375s] Invoked command in '/home/ethan/Documents/Github/comp0250/comp0250_s25_labs/build/panda_description' returned '1': /usr/bin/cmake /home/ethan/Documents/Github/comp0250/comp0250_s25_labs/src/panda_description -DCATKIN_INSTALL_INTO_PREFIX_ROOT=0 -DCMAKE_INSTALL_PREFIX=/home/ethan/Documents/Github/comp0250/comp0250_s25_labs/install/panda_description
