[0.026s] Invoking command in '/home/ethan/Documents/Github/comp0250/comp0250_s25_labs/build/style_tutorial': /usr/bin/cmake /home/ethan/Documents/Github/comp0250/comp0250_s25_labs/src/labs/style_tutorial -DCATKIN_INSTALL_INTO_PREFIX_ROOT=0 -DCMAKE_INSTALL_PREFIX=/home/ethan/Documents/Github/comp0250/comp0250_s25_labs/install/style_tutorial
[0.202s] -- The C compiler identification is GNU 11.4.0
[0.244s] -- The CXX compiler identification is GNU 11.4.0
[0.249s] -- Detecting C compiler ABI info
[0.290s] -- Detecting C compiler ABI info - done
[0.298s] -- Check for working C compiler: /usr/bin/cc - skipped
[0.298s] -- Detecting C compile features
[0.299s] -- Detecting C compile features - done
[0.302s] -- Detecting CXX compiler ABI info
[0.360s] -- Detecting CXX compiler ABI info - done
[0.369s] -- Check for working CXX compiler: /usr/bin/c++ - skipped
[0.369s] -- Detecting CXX compile features
[0.369s] -- Detecting CXX compile features - done
[0.372s] [31mCMake Error at CMakeLists.txt:11 (find_package):
[0.372s]   By not providing "Findcatkin.cmake" in CMAKE_MODULE_PATH this project has
[0.372s]   asked CMake to find a package configuration file provided by "catkin", but
[0.372s]   CMake did not find one.
[0.372s] 
[0.372s]   Could not find a package configuration file provided by "catkin" with any
[0.372s]   of the following names:
[0.372s] 
[0.372s]     catkinConfig.cmake
[0.372s]     catkin-config.cmake
[0.372s] 
[0.372s]   Add the installation prefix of "catkin" to CMAKE_PREFIX_PATH or set
[0.372s]   "catkin_DIR" to a directory containing one of the above files.  If "catkin"
[0.372s]   provides a separate development package or SDK, be sure it has been
[0.372s]   installed.
[0.372s] 
[0.372s] [0m
[0.372s] -- Configuring incomplete, errors occurred!
[0.372s] See also "/home/ethan/Documents/Github/comp0250/comp0250_s25_labs/build/style_tutorial/CMakeFiles/CMakeOutput.log".
