[0.015s] Invoking command in '/home/ethan/Documents/Github/comp0250/comp0250_s25_labs/build/style_solution': /usr/bin/cmake /home/ethan/Documents/Github/comp0250/comp0250_s25_labs/src/labs/style_solution -DCATKIN_INSTALL_INTO_PREFIX_ROOT=0 -DCMAKE_INSTALL_PREFIX=/home/ethan/Documents/Github/comp0250/comp0250_s25_labs/install/style_solution
[0.201s] -- The C compiler identification is GNU 11.4.0
[0.246s] -- The CXX compiler identification is GNU 11.4.0
[0.253s] -- Detecting C compiler ABI info
[0.301s] -- Detecting C compiler ABI info - done
[0.309s] -- Check for working C compiler: /usr/bin/cc - skipped
[0.309s] -- Detecting C compile features
[0.309s] -- Detecting C compile features - done
[0.311s] -- Detecting CXX compiler ABI info
[0.364s] -- Detecting CXX compiler ABI info - done
[0.369s] -- Check for working CXX compiler: /usr/bin/c++ - skipped
[0.369s] -- Detecting CXX compile features
[0.370s] -- Detecting CXX compile features - done
[0.371s] [31mCMake Error at CMakeLists.txt:11 (find_package):
[0.371s]   By not providing "Findcatkin.cmake" in CMAKE_MODULE_PATH this project has
[0.371s]   asked CMake to find a package configuration file provided by "catkin", but
[0.371s]   CMake did not find one.
[0.371s] 
[0.371s]   Could not find a package configuration file provided by "catkin" with any
[0.371s]   of the following names:
[0.371s] 
[0.371s]     catkinConfig.cmake
[0.371s]     catkin-config.cmake
[0.371s] 
[0.371s]   Add the installation prefix of "catkin" to CMAKE_PREFIX_PATH or set
[0.371s]   "catkin_DIR" to a directory containing one of the above files.  If "catkin"
[0.371s]   provides a separate development package or SDK, be sure it has been
[0.371s]   installed.
[0.371s] 
[0.371s] [0m
[0.371s] -- Configuring incomplete, errors occurred!
[0.371s] See also "/home/ethan/Documents/Github/comp0250/comp0250_s25_labs/build/style_solution/CMakeFiles/CMakeOutput.log".
[0.379s] Invoked command in '/home/ethan/Documents/Github/comp0250/comp0250_s25_labs/build/style_solution' returned '1': /usr/bin/cmake /home/ethan/Documents/Github/comp0250/comp0250_s25_labs/src/labs/style_solution -DCATKIN_INSTALL_INTO_PREFIX_ROOT=0 -DCMAKE_INSTALL_PREFIX=/home/ethan/Documents/Github/comp0250/comp0250_s25_labs/install/style_solution
