[0.022s] Invoking command in '/home/ethan/Documents/Github/comp0250/comp0250_s25_labs/build/realsense_gazebo_plugin': /usr/bin/cmake /home/ethan/Documents/Github/comp0250/comp0250_s25_labs/src/realsense_gazebo_plugin -DCATKIN_INSTALL_INTO_PREFIX_ROOT=0 -DCMAKE_INSTALL_PREFIX=/home/ethan/Documents/Github/comp0250/comp0250_s25_labs/install/realsense_gazebo_plugin
[0.049s] [0mCMake Deprecation Warning at CMakeLists.txt:1 (cmake_minimum_required):
[0.049s]   Compatibility with CMake < 2.8.12 will be removed from a future version of
[0.049s]   CMake.
[0.050s] 
[0.050s]   Update the VERSION argument <min> value or use a ...<max> suffix to tell
[0.050s]   CMake that the project does not need compatibility with older versions.
[0.050s] 
[0.050s] [0m
[0.072s] -- The C compiler identification is GNU 11.4.0
[0.120s] -- The CXX compiler identification is GNU 11.4.0
[0.126s] -- Detecting C compiler ABI info
[0.170s] -- Detecting C compiler ABI info - done
[0.175s] -- Check for working C compiler: /usr/bin/cc - skipped
[0.175s] -- Detecting C compile features
[0.175s] -- Detecting C compile features - done
[0.177s] -- Detecting CXX compiler ABI info
[0.229s] -- Detecting CXX compiler ABI info - done
[0.236s] -- Check for working CXX compiler: /usr/bin/c++ - skipped
[0.239s] -- Detecting CXX compile features
[0.239s] -- Detecting CXX compile features - done
[0.241s] -- Configuring incomplete, errors occurred!
[0.241s] See also "/home/ethan/Documents/Github/comp0250/comp0250_s25_labs/build/realsense_gazebo_plugin/CMakeFiles/CMakeOutput.log".
[0.242s] [31mCMake Error at CMakeLists.txt:5 (find_package):
[0.242s]   By not providing "Findcatkin.cmake" in CMAKE_MODULE_PATH this project has
[0.242s]   asked CMake to find a package configuration file provided by "catkin", but
[0.242s]   CMake did not find one.
[0.242s] 
[0.242s]   Could not find a package configuration file provided by "catkin" with any
[0.242s]   of the following names:
[0.242s] 
[0.242s]     catkinConfig.cmake
[0.242s]     catkin-config.cmake
[0.242s] 
[0.242s]   Add the installation prefix of "catkin" to CMAKE_PREFIX_PATH or set
[0.242s]   "catkin_DIR" to a directory containing one of the above files.  If "catkin"
[0.242s]   provides a separate development package or SDK, be sure it has been
[0.242s]   installed.
[0.242s] 
[0.242s] [0m
