[0.014s] Invoking command in '/home/ethan/Documents/Github/comp0250/comp0250_s25_labs/build/rpl_panda_with_rs': /usr/bin/cmake /home/ethan/Documents/Github/comp0250/comp0250_s25_labs/src/rpl_panda_with_rs -DCATKIN_INSTALL_INTO_PREFIX_ROOT=0 -DCMAKE_INSTALL_PREFIX=/home/ethan/Documents/Github/comp0250/comp0250_s25_labs/install/rpl_panda_with_rs
[0.040s] -- Configuring incomplete, errors occurred!
[0.040s] See also "/home/ethan/Documents/Github/comp0250/comp0250_s25_labs/build/rpl_panda_with_rs/CMakeFiles/CMakeOutput.log".
[0.040s] [0mCMake Deprecation Warning at CMakeLists.txt:1 (cmake_minimum_required):
[0.040s]   Compatibility with CMake < 2.8.12 will be removed from a future version of
[0.040s]   CMake.
[0.040s] 
[0.040s]   Update the VERSION argument <min> value or use a ...<max> suffix to tell
[0.040s]   CMake that the project does not need compatibility with older versions.
[0.040s] 
[0.040s] [0m
[0.040s] [31mCMake Error at CMakeLists.txt:10 (find_package):
[0.040s]   By not providing "Findcatkin.cmake" in CMAKE_MODULE_PATH this project has
[0.040s]   asked CMake to find a package configuration file provided by "catkin", but
[0.040s]   CMake did not find one.
[0.040s] 
[0.040s]   Could not find a package configuration file provided by "catkin" with any
[0.041s]   of the following names:
[0.042s] 
[0.042s]     catkinConfig.cmake
[0.042s]     catkin-config.cmake
[0.042s] 
[0.042s]   Add the installation prefix of "catkin" to CMAKE_PREFIX_PATH or set
[0.042s]   "catkin_DIR" to a directory containing one of the above files.  If "catkin"
[0.042s]   provides a separate development package or SDK, be sure it has been
[0.042s]   installed.
[0.042s] 
[0.042s] [0m
[0.050s] Invoked command in '/home/ethan/Documents/Github/comp0250/comp0250_s25_labs/build/rpl_panda_with_rs' returned '1': /usr/bin/cmake /home/ethan/Documents/Github/comp0250/comp0250_s25_labs/src/rpl_panda_with_rs -DCATKIN_INSTALL_INTO_PREFIX_ROOT=0 -DCMAKE_INSTALL_PREFIX=/home/ethan/Documents/Github/comp0250/comp0250_s25_labs/install/rpl_panda_with_rs
