[0.014s] Invoking command in '/home/ethan/Documents/Github/comp0250/comp0250_s25_labs/src/build/pcl_demo': /usr/bin/cmake /home/ethan/Documents/Github/comp0250/comp0250_s25_labs/src/labs/pcl_demo -DCATKIN_INSTALL_INTO_PREFIX_ROOT=0 -DCMAKE_INSTALL_PREFIX=/home/ethan/Documents/Github/comp0250/comp0250_s25_labs/src/install/pcl_demo
[0.065s] -- The C compiler identification is GNU 11.4.0
[0.103s] -- The CXX compiler identification is GNU 11.4.0
[0.110s] -- Detecting C compiler ABI info
[0.161s] -- Detecting C compiler ABI info - done
[0.169s] -- Check for working C compiler: /usr/bin/cc - skipped
[0.169s] -- Detecting C compile features
[0.169s] -- Detecting C compile features - done
[0.172s] -- Detecting CXX compiler ABI info
[0.228s] -- Detecting CXX compiler ABI info - done
[0.234s] -- Check for working CXX compiler: /usr/bin/c++ - skipped
[0.234s] -- Detecting CXX compile features
[0.234s] -- Detecting CXX compile features - done
[0.236s] -- Using CATKIN_DEVEL_PREFIX: /home/ethan/Documents/Github/comp0250/comp0250_s25_labs/src/build/pcl_demo/devel
[0.236s] -- Using CMAKE_PREFIX_PATH: 
[0.254s] -- Found PythonInterp: /usr/bin/python3 (found suitable version "3.10.12", minimum required is "3") 
[0.254s] -- Using PYTHON_EXECUTABLE: /usr/bin/python3
[0.254s] -- Using Debian Python package layout
[0.254s] -- Using empy: /usr/bin/empy
[0.334s] -- Using CATKIN_ENABLE_TESTING: ON
[0.334s] -- Call enable_testing()
[0.336s] -- Using CATKIN_TEST_RESULTS_DIR: /home/ethan/Documents/Github/comp0250/comp0250_s25_labs/src/build/pcl_demo/test_results
[0.353s] -- GTest is not available. Please install libgtest-dev to enable tests involving GTest.
[0.353s] -- GMock is not available. Please install libgmock-dev to enable tests involving GMock.
[0.353s] -- nosetests not found, Python tests can not be run (try installing package 'python3-nose')
[0.354s] -- Looking for pthread.h
[0.404s] -- Looking for pthread.h - found
[0.404s] -- Performing Test CMAKE_HAVE_LIBC_PTHREAD
[0.455s] -- Performing Test CMAKE_HAVE_LIBC_PTHREAD - Success
[0.456s] -- Found Threads: TRUE  
[0.488s] -- catkin 0.8.10
[0.488s] -- BUILD_SHARED_LIBS is on
[0.573s] [31mCMake Error at /usr/share/catkin/cmake/catkinConfig.cmake:82 (find_package):
[0.573s]   Could not find a package configuration file provided by "pcl_conversions"
[0.573s]   with any of the following names:
[0.573s] 
[0.574s]     pcl_conversionsConfig.cmake
[0.574s]     pcl_conversions-config.cmake
[0.574s] 
[0.574s]   Add the installation prefix of "pcl_conversions" to CMAKE_PREFIX_PATH or
[0.574s]   set "pcl_conversions_DIR" to a directory containing one of the above files.
[0.574s]   If "pcl_conversions" provides a separate development package or SDK, be
[0.574s]   sure it has been installed.
[0.574s] Call Stack (most recent call first):
[0.574s]   CMakeLists.txt:10 (find_package)
[0.574s] 
[0.574s] [0m
[0.574s] -- Could NOT find pcl_conversions (missing: pcl_conversions_DIR)
[0.574s] -- Could not find the required component 'pcl_conversions'. The following CMake error indicates that you either need to install the package with the same name or change your environment so that it can be found.
[0.575s] -- Configuring incomplete, errors occurred!
[0.575s] See also "/home/ethan/Documents/Github/comp0250/comp0250_s25_labs/src/build/pcl_demo/CMakeFiles/CMakeOutput.log".
