[0.023s] Invoking command in '/home/ethan/Documents/Github/comp0250/comp0250_s25_labs/build/sample': /usr/bin/cmake /home/ethan/Documents/Github/comp0250/comp0250_s25_labs/src/labs/sample -DCATKIN_INSTALL_INTO_PREFIX_ROOT=0 -DCMAKE_INSTALL_PREFIX=/home/ethan/Documents/Github/comp0250/comp0250_s25_labs/install/sample
[0.049s] [0mCMake Deprecation Warning at CMakeLists.txt:3 (cmake_minimum_required):
[0.049s]   Compatibility with CMake < 2.8.12 will be removed from a future version of
[0.049s]   CMake.
[0.049s] 
[0.049s]   Update the VERSION argument <min> value or use a ...<max> suffix to tell
[0.049s]   CMake that the project does not need compatibility with older versions.
[0.049s] 
[0.050s] [0m
[0.072s] -- The C compiler identification is GNU 11.4.0
[0.113s] -- The CXX compiler identification is GNU 11.4.0
[0.119s] -- Detecting C compiler ABI info
[0.165s] -- Detecting C compiler ABI info - done
[0.172s] -- Check for working C compiler: /usr/bin/cc - skipped
[0.173s] -- Detecting C compile features
[0.173s] -- Detecting C compile features - done
[0.176s] -- Detecting CXX compiler ABI info
[0.228s] -- Detecting CXX compiler ABI info - done
[0.234s] -- Check for working CXX compiler: /usr/bin/c++ - skipped
[0.234s] -- Detecting CXX compile features
[0.236s] -- Detecting CXX compile features - done
[0.239s] [31mCMake Error at CMakeLists.txt:10 (find_package):
[0.239s]   By not providing "Findcatkin.cmake" in CMAKE_MODULE_PATH this project has
[0.239s]   asked CMake to find a package configuration file provided by "catkin", but
[0.239s]   CMake did not find one.
[0.239s] 
[0.239s]   Could not find a package configuration file provided by "catkin" with any
[0.239s]   of the following names:
[0.239s] 
[0.239s]     catkinConfig.cmake
[0.239s]     catkin-config.cmake
[0.239s] 
[0.239s]   Add the installation prefix of "catkin" to CMAKE_PREFIX_PATH or set
[0.239s]   "catkin_DIR" to a directory containing one of the above files.  If "catkin"
[0.239s]   provides a separate development package or SDK, be sure it has been
[0.239s]   installed.
[0.239s] 
[0.239s] [0m
[0.239s] -- Configuring incomplete, errors occurred!
[0.239s] See also "/home/ethan/Documents/Github/comp0250/comp0250_s25_labs/build/sample/CMakeFiles/CMakeOutput.log".
